/opt/mpw_precheck/checks/tech-files/sky130A_mr.drc:36: warning: already initialized constant DRC::DRCEngine::FEOL
/opt/mpw_precheck/checks/tech-files/sky130A_mr.drc:28: warning: previous definition of FEOL was here
/opt/mpw_precheck/checks/tech-files/sky130A_mr.drc:44: warning: already initialized constant DRC::DRCEngine::BEOL
/opt/mpw_precheck/checks/tech-files/sky130A_mr.drc:29: warning: previous definition of BEOL was here
/opt/mpw_precheck/checks/tech-files/sky130A_mr.drc:50: warning: already initialized constant DRC::DRCEngine::OFFGRID
/opt/mpw_precheck/checks/tech-files/sky130A_mr.drc:30: warning: previous definition of OFFGRID was here
/opt/mpw_precheck/checks/tech-files/sky130A_mr.drc:56: warning: already initialized constant DRC::DRCEngine::SEAL
/opt/mpw_precheck/checks/tech-files/sky130A_mr.drc:31: warning: previous definition of SEAL was here
/opt/mpw_precheck/checks/tech-files/sky130A_mr.drc:62: warning: already initialized constant DRC::DRCEngine::FLOATING_MET
/opt/mpw_precheck/checks/tech-files/sky130A_mr.drc:32: warning: previous definition of FLOATING_MET was here
"input" in: sky130A_mr.drc:112
    Polygons (raw): 3148 (flat)  21 (hierarchical)
    Elapsed: 0.010s  Memory: 522.00M
"polygons" in: sky130A_mr.drc:113
    Polygons (raw): 1064 (flat)  22 (hierarchical)
    Elapsed: 0.010s  Memory: 522.00M
"polygons" in: sky130A_mr.drc:114
    Polygons (raw): 4126 (flat)  34 (hierarchical)
    Elapsed: 0.000s  Memory: 522.00M
"polygons" in: sky130A_mr.drc:115
    Polygons (raw): 0 (flat)  0 (hierarchical)
    Elapsed: 0.010s  Memory: 522.00M
"polygons" in: sky130A_mr.drc:116
    Polygons (raw): 0 (flat)  0 (hierarchical)
    Elapsed: 0.000s  Memory: 522.00M
"polygons" in: sky130A_mr.drc:117
    Polygons (raw): 0 (flat)  0 (hierarchical)
    Elapsed: 0.000s  Memory: 522.00M
"polygons" in: sky130A_mr.drc:118
    Polygons (raw): 0 (flat)  0 (hierarchical)
    Elapsed: 0.010s  Memory: 522.00M
"polygons" in: sky130A_mr.drc:119
    Polygons (raw): 0 (flat)  0 (hierarchical)
    Elapsed: 0.000s  Memory: 522.00M
"polygons" in: sky130A_mr.drc:120
    Polygons (raw): 0 (flat)  0 (hierarchical)
    Elapsed: 0.010s  Memory: 522.00M
"polygons" in: sky130A_mr.drc:121
    Polygons (raw): 0 (flat)  0 (hierarchical)
    Elapsed: 0.000s  Memory: 522.00M
"polygons" in: sky130A_mr.drc:122
    Polygons (raw): 16107 (flat)  138 (hierarchical)
    Elapsed: 0.010s  Memory: 522.00M
"polygons" in: sky130A_mr.drc:123
    Polygons (raw): 0 (flat)  0 (hierarchical)
    Elapsed: 0.010s  Memory: 522.00M
"polygons" in: sky130A_mr.drc:124
    Polygons (raw): 0 (flat)  0 (hierarchical)
    Elapsed: 0.000s  Memory: 522.00M
"polygons" in: sky130A_mr.drc:125
    Polygons (raw): 9419 (flat)  118 (hierarchical)
    Elapsed: 0.010s  Memory: 522.00M
"polygons" in: sky130A_mr.drc:126
    Polygons (raw): 1982 (flat)  10 (hierarchical)
    Elapsed: 0.000s  Memory: 522.00M
"polygons" in: sky130A_mr.drc:127
    Polygons (raw): 2348 (flat)  23 (hierarchical)
    Elapsed: 0.010s  Memory: 522.00M
"polygons" in: sky130A_mr.drc:128
    Polygons (raw): 2442 (flat)  25 (hierarchical)
    Elapsed: 0.000s  Memory: 522.00M
"polygons" in: sky130A_mr.drc:129
    Polygons (raw): 4 (flat)  2 (hierarchical)
    Elapsed: 0.010s  Memory: 522.00M
"polygons" in: sky130A_mr.drc:130
    Polygons (raw): 0 (flat)  0 (hierarchical)
    Elapsed: 0.000s  Memory: 522.00M
"polygons" in: sky130A_mr.drc:131
    Polygons (raw): 2348 (flat)  40 (hierarchical)
    Elapsed: 0.010s  Memory: 522.00M
"polygons" in: sky130A_mr.drc:132
    Polygons (raw): 16738 (flat)  255 (hierarchical)
    Elapsed: 0.010s  Memory: 522.00M
"polygons" in: sky130A_mr.drc:134
    Polygons (raw): 19513 (flat)  526 (hierarchical)
    Elapsed: 0.000s  Memory: 522.00M
"polygons" in: sky130A_mr.drc:135
    Polygons (raw): 14762 (flat)  2920 (hierarchical)
    Elapsed: 0.010s  Memory: 522.00M
"polygons" in: sky130A_mr.drc:137
    Polygons (raw): 18075 (flat)  937 (hierarchical)
    Elapsed: 0.010s  Memory: 522.00M
"polygons" in: sky130A_mr.drc:138
    Polygons (raw): 11309 (flat)  7363 (hierarchical)
    Elapsed: 0.000s  Memory: 522.00M
"polygons" in: sky130A_mr.drc:140
    Polygons (raw): 3284 (flat)  1395 (hierarchical)
    Elapsed: 0.010s  Memory: 522.00M
"polygons" in: sky130A_mr.drc:141
    Polygons (raw): 1930 (flat)  1930 (hierarchical)
    Elapsed: 0.010s  Memory: 522.00M
"polygons" in: sky130A_mr.drc:143
    Polygons (raw): 695 (flat)  695 (hierarchical)
    Elapsed: 0.000s  Memory: 522.00M
"polygons" in: sky130A_mr.drc:144
    Polygons (raw): 20324 (flat)  20324 (hierarchical)
    Elapsed: 0.010s  Memory: 523.00M
"polygons" in: sky130A_mr.drc:146
    Polygons (raw): 142 (flat)  142 (hierarchical)
    Elapsed: 0.000s  Memory: 523.00M
"polygons" in: sky130A_mr.drc:147
    Polygons (raw): 152 (flat)  152 (hierarchical)
    Elapsed: 0.010s  Memory: 523.00M
"polygons" in: sky130A_mr.drc:149
    Polygons (raw): 99 (flat)  99 (hierarchical)
    Elapsed: 0.000s  Memory: 523.00M
"polygons" in: sky130A_mr.drc:151
    Polygons (raw): 0 (flat)  0 (hierarchical)
    Elapsed: 0.010s  Memory: 523.00M
"polygons" in: sky130A_mr.drc:152
    Polygons (raw): 0 (flat)  0 (hierarchical)
    Elapsed: 0.000s  Memory: 523.00M
"polygons" in: sky130A_mr.drc:153
    Polygons (raw): 0 (flat)  0 (hierarchical)
    Elapsed: 0.010s  Memory: 523.00M
"polygons" in: sky130A_mr.drc:154
    Polygons (raw): 0 (flat)  0 (hierarchical)
    Elapsed: 0.000s  Memory: 523.00M
"polygons" in: sky130A_mr.drc:155
    Polygons (raw): 0 (flat)  0 (hierarchical)
    Elapsed: 0.010s  Memory: 523.00M
"polygons" in: sky130A_mr.drc:156
    Polygons (raw): 0 (flat)  0 (hierarchical)
    Elapsed: 0.000s  Memory: 523.00M
"polygons" in: sky130A_mr.drc:157
    Polygons (raw): 0 (flat)  0 (hierarchical)
    Elapsed: 0.010s  Memory: 523.00M
"polygons" in: sky130A_mr.drc:158
    Polygons (raw): 0 (flat)  0 (hierarchical)
    Elapsed: 0.000s  Memory: 523.00M
"polygons" in: sky130A_mr.drc:159
    Polygons (raw): 0 (flat)  0 (hierarchical)
    Elapsed: 0.010s  Memory: 523.00M
"polygons" in: sky130A_mr.drc:160
    Polygons (raw): 0 (flat)  0 (hierarchical)
    Elapsed: 0.010s  Memory: 523.00M
"polygons" in: sky130A_mr.drc:161
    Polygons (raw): 0 (flat)  0 (hierarchical)
    Elapsed: 0.000s  Memory: 523.00M
"polygons" in: sky130A_mr.drc:162
    Polygons (raw): 0 (flat)  0 (hierarchical)
    Elapsed: 0.010s  Memory: 523.00M
"polygons" in: sky130A_mr.drc:163
    Polygons (raw): 0 (flat)  0 (hierarchical)
    Elapsed: 0.000s  Memory: 523.00M
"polygons" in: sky130A_mr.drc:164
    Polygons (raw): 0 (flat)  0 (hierarchical)
    Elapsed: 0.010s  Memory: 523.00M
"polygons" in: sky130A_mr.drc:165
    Polygons (raw): 0 (flat)  0 (hierarchical)
    Elapsed: 0.000s  Memory: 523.00M
"polygons" in: sky130A_mr.drc:166
    Polygons (raw): 0 (flat)  0 (hierarchical)
    Elapsed: 0.010s  Memory: 523.00M
"polygons" in: sky130A_mr.drc:167
    Polygons (raw): 0 (flat)  0 (hierarchical)
    Elapsed: 0.010s  Memory: 523.00M
"polygons" in: sky130A_mr.drc:168
    Polygons (raw): 0 (flat)  0 (hierarchical)
    Elapsed: 0.000s  Memory: 523.00M
"polygons" in: sky130A_mr.drc:169
    Polygons (raw): 0 (flat)  0 (hierarchical)
    Elapsed: 0.010s  Memory: 523.00M
"polygons" in: sky130A_mr.drc:170
    Polygons (raw): 0 (flat)  0 (hierarchical)
    Elapsed: 0.000s  Memory: 523.00M
"polygons" in: sky130A_mr.drc:171
    Polygons (raw): 0 (flat)  0 (hierarchical)
    Elapsed: 0.010s  Memory: 523.00M
"polygons" in: sky130A_mr.drc:172
    Polygons (raw): 0 (flat)  0 (hierarchical)
    Elapsed: 0.000s  Memory: 523.00M
"polygons" in: sky130A_mr.drc:173
    Polygons (raw): 0 (flat)  0 (hierarchical)
    Elapsed: 0.010s  Memory: 523.00M
"polygons" in: sky130A_mr.drc:174
    Polygons (raw): 0 (flat)  0 (hierarchical)
    Elapsed: 0.000s  Memory: 523.00M
"polygons" in: sky130A_mr.drc:175
    Polygons (raw): 0 (flat)  0 (hierarchical)
    Elapsed: 0.010s  Memory: 523.00M
"polygons" in: sky130A_mr.drc:176
    Polygons (raw): 1 (flat)  1 (hierarchical)
    Elapsed: 0.000s  Memory: 523.00M
"polygons" in: sky130A_mr.drc:177
    Polygons (raw): 0 (flat)  0 (hierarchical)
    Elapsed: 0.010s  Memory: 523.00M
"polygons" in: sky130A_mr.drc:178
    Polygons (raw): 0 (flat)  0 (hierarchical)
    Elapsed: 0.000s  Memory: 523.00M
"polygons" in: sky130A_mr.drc:179
    Polygons (raw): 0 (flat)  0 (hierarchical)
    Elapsed: 0.010s  Memory: 523.00M
"polygons" in: sky130A_mr.drc:180
    Polygons (raw): 0 (flat)  0 (hierarchical)
    Elapsed: 0.000s  Memory: 523.00M
"polygons" in: sky130A_mr.drc:181
    Polygons (raw): 0 (flat)  0 (hierarchical)
    Elapsed: 0.010s  Memory: 523.00M
"polygons" in: sky130A_mr.drc:182
    Polygons (raw): 0 (flat)  0 (hierarchical)
    Elapsed: 0.000s  Memory: 523.00M
"polygons" in: sky130A_mr.drc:183
    Polygons (raw): 0 (flat)  0 (hierarchical)
    Elapsed: 0.010s  Memory: 523.00M
"polygons" in: sky130A_mr.drc:184
    Polygons (raw): 0 (flat)  0 (hierarchical)
    Elapsed: 0.000s  Memory: 523.00M
"polygons" in: sky130A_mr.drc:185
    Polygons (raw): 0 (flat)  0 (hierarchical)
    Elapsed: 0.010s  Memory: 523.00M
"polygons" in: sky130A_mr.drc:186
    Polygons (raw): 0 (flat)  0 (hierarchical)
    Elapsed: 0.010s  Memory: 523.00M
"polygons" in: sky130A_mr.drc:187
    Polygons (raw): 0 (flat)  0 (hierarchical)
    Elapsed: 0.000s  Memory: 523.00M
"polygons" in: sky130A_mr.drc:188
    Polygons (raw): 0 (flat)  0 (hierarchical)
    Elapsed: 0.000s  Memory: 523.00M
"polygons" in: sky130A_mr.drc:189
    Polygons (raw): 0 (flat)  0 (hierarchical)
    Elapsed: 0.010s  Memory: 523.00M
"polygons" in: sky130A_mr.drc:190
    Polygons (raw): 0 (flat)  0 (hierarchical)
    Elapsed: 0.000s  Memory: 523.00M
"polygons" in: sky130A_mr.drc:191
    Polygons (raw): 0 (flat)  0 (hierarchical)
    Elapsed: 0.010s  Memory: 523.00M
"polygons" in: sky130A_mr.drc:192
    Polygons (raw): 0 (flat)  0 (hierarchical)
    Elapsed: 0.000s  Memory: 523.00M
"polygons" in: sky130A_mr.drc:193
    Polygons (raw): 0 (flat)  0 (hierarchical)
    Elapsed: 0.010s  Memory: 523.00M
"polygons" in: sky130A_mr.drc:194
    Polygons (raw): 0 (flat)  0 (hierarchical)
    Elapsed: 0.000s  Memory: 523.00M
"polygons" in: sky130A_mr.drc:195
    Polygons (raw): 0 (flat)  0 (hierarchical)
    Elapsed: 0.010s  Memory: 523.00M
"polygons" in: sky130A_mr.drc:196
    Polygons (raw): 0 (flat)  0 (hierarchical)
    Elapsed: 0.000s  Memory: 523.00M
"polygons" in: sky130A_mr.drc:197
    Polygons (raw): 0 (flat)  0 (hierarchical)
    Elapsed: 0.010s  Memory: 523.00M
"polygons" in: sky130A_mr.drc:198
    Polygons (raw): 0 (flat)  0 (hierarchical)
    Elapsed: 0.010s  Memory: 523.00M
"polygons" in: sky130A_mr.drc:199
    Polygons (raw): 4 (flat)  2 (hierarchical)
    Elapsed: 0.000s  Memory: 523.00M
"polygons" in: sky130A_mr.drc:200
    Polygons (raw): 0 (flat)  0 (hierarchical)
    Elapsed: 0.010s  Memory: 523.00M
"polygons" in: sky130A_mr.drc:201
    Polygons (raw): 0 (flat)  0 (hierarchical)
    Elapsed: 0.000s  Memory: 523.00M
"polygons" in: sky130A_mr.drc:202
    Polygons (raw): 0 (flat)  0 (hierarchical)
    Elapsed: 0.010s  Memory: 523.00M
"polygons" in: sky130A_mr.drc:203
    Polygons (raw): 0 (flat)  0 (hierarchical)
    Elapsed: 0.000s  Memory: 523.00M
DRC section
FEOL section
START: 64/18 (dnwell)
"width" in: sky130A_mr.drc:229
    Edge pairs: 0 (flat)  0 (hierarchical)
    Elapsed: 0.010s  Memory: 523.00M
"output" in: sky130A_mr.drc:229
    Edge pairs: 0 (flat)  0 (hierarchical)
    Elapsed: 0.000s  Memory: 523.00M
END: 64/18 (dnwell)
"input" in: sky130A_mr.drc:233
    Polygons (raw): 2348 (flat)  23 (hierarchical)
    Elapsed: 0.010s  Memory: 523.00M
"input" in: sky130A_mr.drc:234
    Polygons (raw): 2442 (flat)  25 (hierarchical)
    Elapsed: 0.000s  Memory: 523.00M
"input" in: sky130A_mr.drc:235
    Polygons (raw): 4126 (flat)  34 (hierarchical)
    Elapsed: 0.010s  Memory: 523.00M
START: 64/20 (nwell)
"width" in: sky130A_mr.drc:239
    Edge pairs: 0 (flat)  0 (hierarchical)
    Elapsed: 0.000s  Memory: 523.00M
"output" in: sky130A_mr.drc:239
    Edge pairs: 0 (flat)  0 (hierarchical)
    Elapsed: 0.010s  Memory: 523.00M
"space" in: sky130A_mr.drc:240
    Edge pairs: 0 (flat)  0 (hierarchical)
    Elapsed: 0.010s  Memory: 1067.00M
"output" in: sky130A_mr.drc:240
    Edge pairs: 0 (flat)  0 (hierarchical)
    Elapsed: 0.010s  Memory: 1067.00M
"merge" in: sky130A_mr.drc:241
    Polygons (raw): 402 (flat)  9 (hierarchical)
    Elapsed: 0.000s  Memory: 1067.00M
"holes" in: sky130A_mr.drc:242
    Polygons (raw): 0 (flat)  0 (hierarchical)
    Elapsed: 0.010s  Memory: 1067.00M
"enclosing" in: sky130A_mr.drc:242
    Edge pairs: 0 (flat)  0 (hierarchical)
    Elapsed: 0.000s  Memory: 1067.00M
"output" in: sky130A_mr.drc:242
    Edge pairs: 0 (flat)  0 (hierarchical)
    Elapsed: 0.010s  Memory: 1067.00M
END: 64/20 (nwell)
START: 78/44 (hvtp)
"width" in: sky130A_mr.drc:247
    Edge pairs: 0 (flat)  0 (hierarchical)
    Elapsed: 0.010s  Memory: 1067.00M
"output" in: sky130A_mr.drc:247
    Edge pairs: 0 (flat)  0 (hierarchical)
    Elapsed: 0.000s  Memory: 1067.00M
"space" in: sky130A_mr.drc:248
    Edge pairs: 0 (flat)  0 (hierarchical)
    Elapsed: 0.010s  Memory: 1067.00M
"output" in: sky130A_mr.drc:248
    Edge pairs: 0 (flat)  0 (hierarchical)
    Elapsed: 0.000s  Memory: 1067.00M
END: 78/44 (hvtp)
START: 18/20 (htvr)
"width" in: sky130A_mr.drc:253
    Edge pairs: 0 (flat)  0 (hierarchical)
    Elapsed: 0.010s  Memory: 1067.00M
"output" in: sky130A_mr.drc:253
    Edge pairs: 0 (flat)  0 (hierarchical)
    Elapsed: 0.000s  Memory: 1067.00M
"separation" in: sky130A_mr.drc:254
    Edge pairs: 0 (flat)  0 (hierarchical)
    Elapsed: 0.010s  Memory: 1067.00M
"output" in: sky130A_mr.drc:254
    Edge pairs: 0 (flat)  0 (hierarchical)
    Elapsed: 0.010s  Memory: 1067.00M
"and" in: sky130A_mr.drc:255
    Polygons (raw): 0 (flat)  0 (hierarchical)
    Elapsed: 0.000s  Memory: 1067.00M
"output" in: sky130A_mr.drc:255
    Polygons (raw): 0 (flat)  0 (hierarchical)
    Elapsed: 0.010s  Memory: 1067.00M
END: 18/20 (htvr)
START: 25/44 (lvtn)
"width" in: sky130A_mr.drc:260
    Edge pairs: 0 (flat)  0 (hierarchical)
    Elapsed: 0.000s  Memory: 1067.00M
"output" in: sky130A_mr.drc:260
    Edge pairs: 0 (flat)  0 (hierarchical)
    Elapsed: 0.010s  Memory: 1067.00M
"space" in: sky130A_mr.drc:261
    Edge pairs: 0 (flat)  0 (hierarchical)
    Elapsed: 0.010s  Memory: 1067.00M
"output" in: sky130A_mr.drc:261
    Edge pairs: 0 (flat)  0 (hierarchical)
    Elapsed: 0.010s  Memory: 1067.00M
END: 25/44 (lvtn)
START: 92/44 (ncm)
"width" in: sky130A_mr.drc:266
    Edge pairs: 0 (flat)  0 (hierarchical)
    Elapsed: 0.000s  Memory: 1067.00M
"output" in: sky130A_mr.drc:266
    Edge pairs: 0 (flat)  0 (hierarchical)
    Elapsed: 0.010s  Memory: 1067.00M
"space" in: sky130A_mr.drc:267
    Edge pairs: 0 (flat)  0 (hierarchical)
    Elapsed: 0.000s  Memory: 1067.00M
"output" in: sky130A_mr.drc:267
    Edge pairs: 0 (flat)  0 (hierarchical)
    Elapsed: 0.010s  Memory: 1067.00M
END: 92/44 (ncm)
START: 65/20 (diff)
"or" in: sky130A_mr.drc:272
    Polygons (raw): 3732 (flat)  45 (hierarchical)
    Elapsed: 0.010s  Memory: 1067.00M
"rectangles" in: sky130A_mr.drc:273
    Polygons (raw): 2668 (flat)  23 (hierarchical)
    Elapsed: 0.000s  Memory: 1067.00M
"width" in: sky130A_mr.drc:273
    Edge pairs: 0 (flat)  0 (hierarchical)
    Elapsed: 0.010s  Memory: 1067.00M
"polygons" in: sky130A_mr.drc:273
    Polygons (raw): 0 (flat)  0 (hierarchical)
    Elapsed: 0.010s  Memory: 1067.00M
"edges" in: sky130A_mr.drc:274
    Edges: 0 (flat)  0 (hierarchical)
    Elapsed: 0.000s  Memory: 1067.00M
"outside_part" in: sky130A_mr.drc:274
    Edges: 0 (flat)  0 (hierarchical)
    Elapsed: 0.010s  Memory: 1067.00M
"outside" in: sky130A_mr.drc:274
    Polygons (raw): 0 (flat)  0 (hierarchical)
    Elapsed: 0.010s  Memory: 1067.00M
"edges" in: sky130A_mr.drc:274
    Edges: 0 (flat)  0 (hierarchical)
    Elapsed: 0.000s  Memory: 1067.00M
"not" in: sky130A_mr.drc:274
    Edges: 0 (flat)  0 (hierarchical)
    Elapsed: 0.010s  Memory: 1067.00M
"output" in: sky130A_mr.drc:275
    Edges: 0 (flat)  0 (hierarchical)
    Elapsed: 0.010s  Memory: 1067.00M
"outside" in: sky130A_mr.drc:276
    Polygons (raw): 2668 (flat)  23 (hierarchical)
    Elapsed: 0.000s  Memory: 1067.00M
"width" in: sky130A_mr.drc:276
    Edge pairs: 0 (flat)  0 (hierarchical)
    Elapsed: 0.010s  Memory: 1067.00M
"output" in: sky130A_mr.drc:276
    Edge pairs: 0 (flat)  0 (hierarchical)
    Elapsed: 0.010s  Memory: 1067.00M
END: 65/20 (diff)
START: 65/44 (tap)
"rectangles" in: sky130A_mr.drc:280
    Polygons (raw): 1064 (flat)  22 (hierarchical)
    Elapsed: 0.000s  Memory: 1067.00M
"width" in: sky130A_mr.drc:280
    Edge pairs: 0 (flat)  0 (hierarchical)
    Elapsed: 0.010s  Memory: 1067.00M
"polygons" in: sky130A_mr.drc:280
    Polygons (raw): 0 (flat)  0 (hierarchical)
    Elapsed: 0.000s  Memory: 1067.00M
"edges" in: sky130A_mr.drc:281
    Edges: 0 (flat)  0 (hierarchical)
    Elapsed: 0.010s  Memory: 1067.00M
"outside_part" in: sky130A_mr.drc:281
    Edges: 0 (flat)  0 (hierarchical)
    Elapsed: 0.000s  Memory: 1067.00M
"outside" in: sky130A_mr.drc:281
    Polygons (raw): 0 (flat)  0 (hierarchical)
    Elapsed: 0.010s  Memory: 1067.00M
"edges" in: sky130A_mr.drc:281
    Edges: 0 (flat)  0 (hierarchical)
    Elapsed: 0.010s  Memory: 1067.00M
"not" in: sky130A_mr.drc:281
    Edges: 0 (flat)  0 (hierarchical)
    Elapsed: 0.000s  Memory: 1067.00M
"output" in: sky130A_mr.drc:282
    Edges: 0 (flat)  0 (hierarchical)
    Elapsed: 0.010s  Memory: 1067.00M
"not" in: sky130A_mr.drc:283
    Polygons (raw): 1064 (flat)  22 (hierarchical)
    Elapsed: 0.000s  Memory: 1067.00M
"width" in: sky130A_mr.drc:283
    Edge pairs: 0 (flat)  0 (hierarchical)
    Elapsed: 0.010s  Memory: 1067.00M
"output" in: sky130A_mr.drc:283
    Edge pairs: 0 (flat)  0 (hierarchical)
    Elapsed: 0.000s  Memory: 1067.00M
END: 65/44 (tap)
"space" in: sky130A_mr.drc:286
    Edge pairs: 0 (flat)  0 (hierarchical)
    Elapsed: 0.010s  Memory: 1067.00M
"output" in: sky130A_mr.drc:286
    Edge pairs: 0 (flat)  0 (hierarchical)
    Elapsed: 0.010s  Memory: 1067.00M
START: 80/20 (tunm)
"width" in: sky130A_mr.drc:290
    Edge pairs: 0 (flat)  0 (hierarchical)
    Elapsed: 0.010s  Memory: 1067.00M
"output" in: sky130A_mr.drc:290
    Edge pairs: 0 (flat)  0 (hierarchical)
    Elapsed: 0.000s  Memory: 1067.00M
"space" in: sky130A_mr.drc:291
    Edge pairs: 0 (flat)  0 (hierarchical)
    Elapsed: 0.010s  Memory: 1067.00M
"output" in: sky130A_mr.drc:291
    Edge pairs: 0 (flat)  0 (hierarchical)
    Elapsed: 0.010s  Memory: 1067.00M
END: 80/20 (tunm)
START: 66/20 (poly)
"width" in: sky130A_mr.drc:296
    Edge pairs: 0 (flat)  0 (hierarchical)
    Elapsed: 0.010s  Memory: 1067.00M
"output" in: sky130A_mr.drc:296
    Edge pairs: 0 (flat)  0 (hierarchical)
    Elapsed: 0.010s  Memory: 1067.00M
"not" in: sky130A_mr.drc:297
    Polygons (raw): 9419 (flat)  118 (hierarchical)
    Elapsed: 0.000s  Memory: 1067.00M
"space" in: sky130A_mr.drc:297
    Edge pairs: 0 (flat)  0 (hierarchical)
    Elapsed: 0.010s  Memory: 1067.00M
"output" in: sky130A_mr.drc:297
    Edge pairs: 0 (flat)  0 (hierarchical)
    Elapsed: 0.000s  Memory: 1067.00M
START: 86/20 (rpm)
"width" in: sky130A_mr.drc:302
    Edge pairs: 0 (flat)  0 (hierarchical)
    Elapsed: 0.010s  Memory: 1067.00M
"output" in: sky130A_mr.drc:302
    Edge pairs: 0 (flat)  0 (hierarchical)
    Elapsed: 0.010s  Memory: 1067.00M
"space" in: sky130A_mr.drc:303
    Edge pairs: 0 (flat)  0 (hierarchical)
    Elapsed: 0.000s  Memory: 1067.00M
"output" in: sky130A_mr.drc:303
    Edge pairs: 0 (flat)  0 (hierarchical)
    Elapsed: 0.010s  Memory: 1067.00M
END: 86/20 (rpm)
START: 79/20 (urpm)
"width" in: sky130A_mr.drc:308
    Edge pairs: 0 (flat)  0 (hierarchical)
    Elapsed: 0.010s  Memory: 1067.00M
"output" in: sky130A_mr.drc:308
    Edge pairs: 0 (flat)  0 (hierarchical)
    Elapsed: 0.000s  Memory: 1067.00M
"space" in: sky130A_mr.drc:309
    Edge pairs: 0 (flat)  0 (hierarchical)
    Elapsed: 0.010s  Memory: 1067.00M
"output" in: sky130A_mr.drc:309
    Edge pairs: 0 (flat)  0 (hierarchical)
    Elapsed: 0.000s  Memory: 1067.00M
END: 79/20 (urpm)
START: 95/20 (npc)
"width" in: sky130A_mr.drc:314
    Edge pairs: 0 (flat)  0 (hierarchical)
    Elapsed: 0.010s  Memory: 1067.00M
"output" in: sky130A_mr.drc:314
    Edge pairs: 0 (flat)  0 (hierarchical)
    Elapsed: 0.010s  Memory: 1067.00M
"space" in: sky130A_mr.drc:315
    Edge pairs: 0 (flat)  0 (hierarchical)
    Elapsed: 0.000s  Memory: 1067.00M
"output" in: sky130A_mr.drc:315
    Edge pairs: 0 (flat)  0 (hierarchical)
    Elapsed: 0.000s  Memory: 1067.00M
END: 95/20 (npc)
START: 93/44 (nsdm)
"outside" in: sky130A_mr.drc:320
    Polygons (raw): 1478 (flat)  26 (hierarchical)
    Elapsed: 0.010s  Memory: 1067.00M
"width" in: sky130A_mr.drc:320
    Edge pairs: 0 (flat)  0 (hierarchical)
    Elapsed: 0.010s  Memory: 1067.00M
"output" in: sky130A_mr.drc:320
    Edge pairs: 0 (flat)  0 (hierarchical)
    Elapsed: 0.000s  Memory: 1067.00M
"not" in: sky130A_mr.drc:321
    Polygons (raw): 2348 (flat)  23 (hierarchical)
    Elapsed: 0.010s  Memory: 1067.00M
"space" in: sky130A_mr.drc:321
    Edge pairs: 0 (flat)  0 (hierarchical)
    Elapsed: 0.010s  Memory: 1067.00M
"output" in: sky130A_mr.drc:321
    Edge pairs: 0 (flat)  0 (hierarchical)
    Elapsed: 0.000s  Memory: 1067.00M
END: 93/44 (nsdm)
START: 94/20 (psdm)
"outside" in: sky130A_mr.drc:326
    Polygons (raw): 1672 (flat)  26 (hierarchical)
    Elapsed: 0.010s  Memory: 1067.00M
"width" in: sky130A_mr.drc:326
    Edge pairs: 0 (flat)  0 (hierarchical)
    Elapsed: 0.010s  Memory: 1067.00M
"output" in: sky130A_mr.drc:326
    Edge pairs: 0 (flat)  0 (hierarchical)
    Elapsed: 0.000s  Memory: 1067.00M
"not" in: sky130A_mr.drc:327
    Polygons (raw): 2442 (flat)  25 (hierarchical)
    Elapsed: 0.010s  Memory: 1067.00M
"space" in: sky130A_mr.drc:327
    Edge pairs: 0 (flat)  0 (hierarchical)
    Elapsed: 0.010s  Memory: 1067.00M
"output" in: sky130A_mr.drc:327
    Edge pairs: 0 (flat)  0 (hierarchical)
    Elapsed: 0.000s  Memory: 1067.00M
END: 94/20 (psdm)
START: 66/44 (licon)
"not" in: sky130A_mr.drc:338
    Polygons (raw): 7648 (flat)  74 (hierarchical)
    Elapsed: 0.010s  Memory: 1067.00M
"and" in: sky130A_mr.drc:339
    Polygons (raw): 14336 (flat)  205 (hierarchical)
    Elapsed: 0.010s  Memory: 1067.00M
"interacting" in: sky130A_mr.drc:339
    Polygons (raw): 13472 (flat)  219 (hierarchical)
    Elapsed: 0.010s  Memory: 1067.00M
"not" in: sky130A_mr.drc:340
    Polygons (raw): 13472 (flat)  219 (hierarchical)
    Elapsed: 0.010s  Memory: 1067.00M
"non_rectangles" in: sky130A_mr.drc:341
    Polygons (raw): 0 (flat)  0 (hierarchical)
    Elapsed: 0.000s  Memory: 1067.00M
"output" in: sky130A_mr.drc:341
    Polygons (raw): 0 (flat)  0 (hierarchical)
    Elapsed: 0.010s  Memory: 1067.00M
"or" in: sky130A_mr.drc:342
    Polygons (raw): 4 (flat)  2 (hierarchical)
    Elapsed: 0.000s  Memory: 1067.00M
"not" in: sky130A_mr.drc:342
    Polygons (raw): 16730 (flat)  251 (hierarchical)
    Elapsed: 0.010s  Memory: 1067.00M
"edges" in: sky130A_mr.drc:342
    Edges: 66920 (flat)  1004 (hierarchical)
    Elapsed: 0.010s  Memory: 1067.00M
"without_length" in: sky130A_mr.drc:342
    Edges: 0 (flat)  0 (hierarchical)
    Elapsed: 0.010s  Memory: 1068.00M
"output" in: sky130A_mr.drc:342
    Edges: 0 (flat)  0 (hierarchical)
    Elapsed: 0.010s  Memory: 1068.00M
"separation" in: sky130A_mr.drc:343
    Edge pairs: 0 (flat)  0 (hierarchical)
    Elapsed: 0.010s  Memory: 1068.00M
"output" in: sky130A_mr.drc:343
    Edge pairs: 0 (flat)  0 (hierarchical)
    Elapsed: 0.000s  Memory: 1068.00M
"and" in: sky130A_mr.drc:344
    Polygons (raw): 0 (flat)  0 (hierarchical)
    Elapsed: 0.010s  Memory: 1068.00M
"output" in: sky130A_mr.drc:344
    Polygons (raw): 0 (flat)  0 (hierarchical)
    Elapsed: 0.010s  Memory: 1068.00M
"interacting" in: sky130A_mr.drc:345
    Polygons (raw): 2402 (flat)  50 (hierarchical)
    Elapsed: 0.020s  Memory: 1068.00M
"interacting" in: sky130A_mr.drc:345
    Polygons (raw): 13472 (flat)  219 (hierarchical)
    Elapsed: 0.010s  Memory: 1068.00M
"and" in: sky130A_mr.drc:345
    Polygons (raw): 0 (flat)  0 (hierarchical)
    Elapsed: 0.010s  Memory: 1068.00M
"output" in: sky130A_mr.drc:345
    Polygons (raw): 0 (flat)  0 (hierarchical)
    Elapsed: 0.000s  Memory: 1068.00M
END: 66/44 (licon)
START: 89/44 (capm)
"and" in: sky130A_mr.drc:350
    Polygons (raw): 0 (flat)  0 (hierarchical)
    Elapsed: 0.000s  Memory: 1068.00M
"sized" in: sky130A_mr.drc:350
    Polygons (raw): 0 (flat)  0 (hierarchical)
    Elapsed: 0.010s  Memory: 1068.00M
"width" in: sky130A_mr.drc:351
    Edge pairs: 0 (flat)  0 (hierarchical)
    Elapsed: 0.010s  Memory: 1068.00M
"output" in: sky130A_mr.drc:351
    Edge pairs: 0 (flat)  0 (hierarchical)
    Elapsed: 0.000s  Memory: 1068.00M
"space" in: sky130A_mr.drc:352
    Edge pairs: 0 (flat)  0 (hierarchical)
    Elapsed: 0.010s  Memory: 1068.00M
"output" in: sky130A_mr.drc:352
    Edge pairs: 0 (flat)  0 (hierarchical)
    Elapsed: 0.000s  Memory: 1068.00M
"interacting" in: sky130A_mr.drc:353
    Polygons (raw): 0 (flat)  0 (hierarchical)
    Elapsed: 0.010s  Memory: 1068.00M
"isolated" in: sky130A_mr.drc:353
    Edge pairs: 0 (flat)  0 (hierarchical)
    Elapsed: 0.010s  Memory: 1068.00M
"output" in: sky130A_mr.drc:353
    Edge pairs: 0 (flat)  0 (hierarchical)
    Elapsed: 0.010s  Memory: 1068.00M
"isolated" in: sky130A_mr.drc:354
    Edge pairs: 0 (flat)  0 (hierarchical)
    Elapsed: 0.000s  Memory: 1068.00M
"output" in: sky130A_mr.drc:354
    Edge pairs: 0 (flat)  0 (hierarchical)
    Elapsed: 0.010s  Memory: 1068.00M
"and" in: sky130A_mr.drc:355
    Polygons (raw): 0 (flat)  0 (hierarchical)
    Elapsed: 0.000s  Memory: 1068.00M
"enclosing" in: sky130A_mr.drc:355
    Edge pairs: 0 (flat)  0 (hierarchical)
    Elapsed: 0.010s  Memory: 1068.00M
"output" in: sky130A_mr.drc:355
    Edge pairs: 0 (flat)  0 (hierarchical)
    Elapsed: 0.000s  Memory: 1068.00M
"enclosing" in: sky130A_mr.drc:356
    Edge pairs: 0 (flat)  0 (hierarchical)
    Elapsed: 0.020s  Memory: 1068.00M
"output" in: sky130A_mr.drc:356
    Edge pairs: 0 (flat)  0 (hierarchical)
    Elapsed: 0.000s  Memory: 1068.00M
"enclosing" in: sky130A_mr.drc:357
    Edge pairs: 0 (flat)  0 (hierarchical)
    Elapsed: 0.010s  Memory: 1068.00M
"output" in: sky130A_mr.drc:357
    Edge pairs: 0 (flat)  0 (hierarchical)
    Elapsed: 0.010s  Memory: 1068.00M
"separation" in: sky130A_mr.drc:358
    Edge pairs: 0 (flat)  0 (hierarchical)
    Elapsed: 0.000s  Memory: 1068.00M
"output" in: sky130A_mr.drc:358
    Edge pairs: 0 (flat)  0 (hierarchical)
    Elapsed: 0.010s  Memory: 1068.00M
END: 89/44 (capm)
START: 97/44 (cap2m)
"and" in: sky130A_mr.drc:363
    Polygons (raw): 0 (flat)  0 (hierarchical)
    Elapsed: 0.000s  Memory: 1068.00M
"sized" in: sky130A_mr.drc:363
    Polygons (raw): 0 (flat)  0 (hierarchical)
    Elapsed: 0.010s  Memory: 1068.00M
"width" in: sky130A_mr.drc:364
    Edge pairs: 0 (flat)  0 (hierarchical)
    Elapsed: 0.010s  Memory: 1068.00M
"output" in: sky130A_mr.drc:364
    Edge pairs: 0 (flat)  0 (hierarchical)
    Elapsed: 0.000s  Memory: 1068.00M
"space" in: sky130A_mr.drc:365
    Edge pairs: 0 (flat)  0 (hierarchical)
    Elapsed: 0.010s  Memory: 1068.00M
"output" in: sky130A_mr.drc:365
    Edge pairs: 0 (flat)  0 (hierarchical)
    Elapsed: 0.000s  Memory: 1068.00M
"interacting" in: sky130A_mr.drc:366
    Polygons (raw): 0 (flat)  0 (hierarchical)
    Elapsed: 0.010s  Memory: 1068.00M
"isolated" in: sky130A_mr.drc:366
    Edge pairs: 0 (flat)  0 (hierarchical)
    Elapsed: 0.010s  Memory: 1068.00M
"output" in: sky130A_mr.drc:366
    Edge pairs: 0 (flat)  0 (hierarchical)
    Elapsed: 0.000s  Memory: 1068.00M
"isolated" in: sky130A_mr.drc:368
    Edge pairs: 0 (flat)  0 (hierarchical)
    Elapsed: 0.010s  Memory: 1068.00M
"output" in: sky130A_mr.drc:368
    Edge pairs: 0 (flat)  0 (hierarchical)
    Elapsed: 0.000s  Memory: 1068.00M
"and" in: sky130A_mr.drc:369
    Polygons (raw): 0 (flat)  0 (hierarchical)
    Elapsed: 0.010s  Memory: 1068.00M
"enclosing" in: sky130A_mr.drc:369
    Edge pairs: 0 (flat)  0 (hierarchical)
    Elapsed: 0.010s  Memory: 1068.00M
"output" in: sky130A_mr.drc:369
    Edge pairs: 0 (flat)  0 (hierarchical)
    Elapsed: 0.000s  Memory: 1068.00M
"enclosing" in: sky130A_mr.drc:370
    Edge pairs: 0 (flat)  0 (hierarchical)
    Elapsed: 0.010s  Memory: 1068.00M
"output" in: sky130A_mr.drc:370
    Edge pairs: 0 (flat)  0 (hierarchical)
    Elapsed: 0.000s  Memory: 1068.00M
"enclosing" in: sky130A_mr.drc:371
    Edge pairs: 0 (flat)  0 (hierarchical)
    Elapsed: 0.010s  Memory: 1068.00M
"output" in: sky130A_mr.drc:371
    Edge pairs: 0 (flat)  0 (hierarchical)
    Elapsed: 0.010s  Memory: 1068.00M
"separation" in: sky130A_mr.drc:372
    Edge pairs: 0 (flat)  0 (hierarchical)
    Elapsed: 0.000s  Memory: 1068.00M
"output" in: sky130A_mr.drc:372
    Edge pairs: 0 (flat)  0 (hierarchical)
    Elapsed: 0.010s  Memory: 1068.00M
END: 97/44 (cap2m)
FEOL section
START: 75/20 (hvi)
"not" in: sky130A_mr.drc:672
    Polygons (raw): 16107 (flat)  138 (hierarchical)
    Elapsed: 0.000s  Memory: 1068.00M
"width" in: sky130A_mr.drc:673
    Edge pairs: 0 (flat)  0 (hierarchical)
    Elapsed: 0.010s  Memory: 1068.00M
"output" in: sky130A_mr.drc:673
    Edge pairs: 0 (flat)  0 (hierarchical)
    Elapsed: 0.010s  Memory: 1068.00M
"space" in: sky130A_mr.drc:674
    Edge pairs: 0 (flat)  0 (hierarchical)
    Elapsed: 0.010s  Memory: 1068.00M
"output" in: sky130A_mr.drc:674
    Edge pairs: 0 (flat)  0 (hierarchical)
    Elapsed: 0.000s  Memory: 1068.00M
END: 75/20 (hvi)
START: 125/20 (hvntm)
"not" in: sky130A_mr.drc:679
    Polygons (raw): 1982 (flat)  10 (hierarchical)
    Elapsed: 0.010s  Memory: 1068.00M
"width" in: sky130A_mr.drc:680
    Edge pairs: 0 (flat)  0 (hierarchical)
    Elapsed: 0.010s  Memory: 1068.00M
"output" in: sky130A_mr.drc:680
    Edge pairs: 0 (flat)  0 (hierarchical)
    Elapsed: 0.000s  Memory: 1068.00M
"space" in: sky130A_mr.drc:681
    Edge pairs: 0 (flat)  0 (hierarchical)
    Elapsed: 0.010s  Memory: 1068.00M
"output" in: sky130A_mr.drc:681
    Edge pairs: 0 (flat)  0 (hierarchical)
    Elapsed: 0.000s  Memory: 1068.00M
END: 125/20 (hvntm)
Writing report database: /home/nvm_user4/RRAM_crossbar_array_with_periphery/precheck_results/09_JUN_2022___00_48_57/outputs/reports/klayout_feol_check.xml ..
Total elapsed: 1.550s  Memory: 1067.00M
