"polygons" in: met_min_ca_density.lydrc:35
    Polygons (raw): 19517 (flat)  528 (hierarchical)
    Elapsed: 0.000s  Memory: 522.00M
"polygons" in: met_min_ca_density.lydrc:36
    Polygons (raw): 14762 (flat)  2920 (hierarchical)
    Elapsed: 0.010s  Memory: 522.00M
"polygons" in: met_min_ca_density.lydrc:38
    Polygons (raw): 18087 (flat)  944 (hierarchical)
    Elapsed: 0.010s  Memory: 522.00M
"polygons" in: met_min_ca_density.lydrc:39
    Polygons (raw): 11309 (flat)  7363 (hierarchical)
    Elapsed: 0.010s  Memory: 522.00M
"polygons" in: met_min_ca_density.lydrc:41
    Polygons (raw): 3781 (flat)  1892 (hierarchical)
    Elapsed: 0.000s  Memory: 522.00M
"polygons" in: met_min_ca_density.lydrc:42
    Polygons (raw): 1930 (flat)  1930 (hierarchical)
    Elapsed: 0.010s  Memory: 522.00M
"polygons" in: met_min_ca_density.lydrc:44
    Polygons (raw): 883 (flat)  883 (hierarchical)
    Elapsed: 0.000s  Memory: 522.00M
"polygons" in: met_min_ca_density.lydrc:45
    Polygons (raw): 20324 (flat)  20324 (hierarchical)
    Elapsed: 0.010s  Memory: 523.00M
"polygons" in: met_min_ca_density.lydrc:47
    Polygons (raw): 148 (flat)  148 (hierarchical)
    Elapsed: 0.000s  Memory: 523.00M
"polygons" in: met_min_ca_density.lydrc:48
    Polygons (raw): 0 (flat)  0 (hierarchical)
    Elapsed: 0.010s  Memory: 523.00M
"polygons" in: met_min_ca_density.lydrc:49
    Polygons (raw): 152 (flat)  152 (hierarchical)
    Elapsed: 0.000s  Memory: 523.00M
"polygons" in: met_min_ca_density.lydrc:51
    Polygons (raw): 105 (flat)  105 (hierarchical)
    Elapsed: 0.010s  Memory: 523.00M
"input" in: met_min_ca_density.lydrc:53
    Polygons (raw): 1 (flat)  1 (hierarchical)
    Elapsed: 0.000s  Memory: 523.00M
"area" in: met_min_ca_density.lydrc:55
    Elapsed: 0.010s  Memory: 523.00M
"polygons" in: met_min_ca_density.lydrc:59
    Polygons (raw): 19517 (flat)  528 (hierarchical)
    Elapsed: 0.000s  Memory: 523.00M
"area" in: met_min_ca_density.lydrc:59
    Elapsed: 0.020s  Memory: 523.00M
li1_ca_density is 0.9956297812183803
"polygons" in: met_min_ca_density.lydrc:69
    Polygons (raw): 18087 (flat)  944 (hierarchical)
    Elapsed: 0.000s  Memory: 523.00M
"area" in: met_min_ca_density.lydrc:69
    Elapsed: 0.040s  Memory: 523.00M
m1_ca_density is 0.9917834767449214
"polygons" in: met_min_ca_density.lydrc:79
    Polygons (raw): 3781 (flat)  1892 (hierarchical)
    Elapsed: 0.010s  Memory: 523.00M
"area" in: met_min_ca_density.lydrc:79
    Elapsed: 0.010s  Memory: 523.00M
m2_ca_density is 0.9832570328553082
"polygons" in: met_min_ca_density.lydrc:89
    Polygons (raw): 883 (flat)  883 (hierarchical)
    Elapsed: 0.010s  Memory: 523.00M
"area" in: met_min_ca_density.lydrc:89
    Elapsed: 0.010s  Memory: 523.00M
m3_ca_density is 0.9882691598060009
"polygons" in: met_min_ca_density.lydrc:99
    Polygons (raw): 148 (flat)  148 (hierarchical)
    Elapsed: 0.000s  Memory: 523.00M
"area" in: met_min_ca_density.lydrc:99
    Elapsed: 0.010s  Memory: 523.00M
m4_ca_density is 0.9831487577492606
"polygons" in: met_min_ca_density.lydrc:109
    Polygons (raw): 105 (flat)  105 (hierarchical)
    Elapsed: 0.010s  Memory: 523.00M
"area" in: met_min_ca_density.lydrc:109
    Elapsed: 0.000s  Memory: 523.00M
m5_ca_density is 0.9710075403540435
Writing report database: /home/nvm_user4/RRAM_crossbar_array_with_periphery/precheck_results/09_JUN_2022___00_48_57/outputs/reports/klayout_met_min_ca_density_check.xml ..
Total elapsed: 0.230s  Memory: 523.00M
