2022-06-09 00:48:57 - [INFO] - {{EXTRACTING FILES}} Extracting compressed files in: /home/nvm_user4/RRAM_crossbar_array_with_periphery
2022-06-09 00:48:57 - [INFO] - {{Project Type Info}} analog
2022-06-09 00:48:57 - [INFO] - {{Project GDS Info}} user_analog_project_wrapper: b13d11237d83a47cd845b1358024d4fb3dd0b3a0
2022-06-09 00:48:58 - [INFO] - {{Tools Info}} KLayout: v0.27.8 | Magic: v8.3.274
2022-06-09 00:48:58 - [ERROR] - MPW Precheck failed to get Open PDKs & Skywater PDK versions: Command '['git', '-C', '/home/nvm_user4/open_pdks/open_pdks', 'rev-parse', '--verify', 'HEAD']' returned non-zero exit status 128.
2022-06-09 00:48:58 - [INFO] - {{START}} Precheck Started, the full log 'precheck.log' will be located in '/home/nvm_user4/RRAM_crossbar_array_with_periphery/precheck_results/09_JUN_2022___00_48_57/logs'
2022-06-09 00:48:58 - [INFO] - {{PRECHECK SEQUENCE}} Precheck will run the following checks: [License, Makefile, Default, Documentation, Consistency, XOR, Magic DRC, Klayout FEOL, Klayout BEOL, Klayout Offgrid, Klayout Metal Minimum Clear Area Density, Klayout Pin Label Purposes Overlapping Drawing, Klayout ZeroArea]
2022-06-09 00:48:58 - [INFO] - {{STEP UPDATE}} Executing Check 1 of 13: License
2022-06-09 00:48:59 - [INFO] - An approved LICENSE (Apache-2.0) was found in /home/nvm_user4/RRAM_crossbar_array_with_periphery.
2022-06-09 00:48:59 - [INFO] - {{MAIN LICENSE CHECK PASSED}} An approved LICENSE was found in project root.
2022-06-09 00:48:59 - [INFO] - An approved LICENSE (Apache-2.0) was found in /home/nvm_user4/RRAM_crossbar_array_with_periphery.
2022-06-09 00:48:59 - [INFO] - {{SUBMODULES LICENSE CHECK PASSED}} No prohibited LICENSE file(s) was found in project submodules
2022-06-09 00:48:59 - [ERROR] - SPDX COMPLIANCE SYMLINK FILE NOT FOUND in /home/nvm_user4/RRAM_crossbar_array_with_periphery/openlane/Makefile
2022-06-09 00:48:59 - [WARNING] - {{SPDX COMPLIANCE CHECK FAILED}} Found 31 non-compliant file(s) with the SPDX Standard.
2022-06-09 00:48:59 - [INFO] - SPDX COMPLIANCE: NON-COMPLIANT FILE(S) PREVIEW: ['/home/nvm_user4/RRAM_crossbar_array_with_periphery/Makefile', '/home/nvm_user4/RRAM_crossbar_array_with_periphery/verilog/dv/Makefile', '/home/nvm_user4/RRAM_crossbar_array_with_periphery/verilog/dv/mprj_por/mprj_por.c', '/home/nvm_user4/RRAM_crossbar_array_with_periphery/verilog/dv/mprj_por/mprj_por_tb.v', '/home/nvm_user4/RRAM_crossbar_array_with_periphery/verilog/dv/mprj_por/Makefile', '/home/nvm_user4/RRAM_crossbar_array_with_periphery/verilog/rtl/example_por.v', '/home/nvm_user4/RRAM_crossbar_array_with_periphery/verilog/rtl/user_analog_proj_example.v', '/home/nvm_user4/RRAM_crossbar_array_with_periphery/verilog/rtl/uprj_analog_netlists.v', '/home/nvm_user4/RRAM_crossbar_array_with_periphery/verilog/rtl/1', '/home/nvm_user4/RRAM_crossbar_array_with_periphery/verilog/rtl/user_analog_proj_example_old.v', '/home/nvm_user4/RRAM_crossbar_array_with_periphery/verilog/rtl/user_analog_project_wrapper_our.v', '/home/nvm_user4/RRAM_crossbar_array_with_periphery/verilog/rtl/user_analog_project_wrapper.v', '/home/nvm_user4/RRAM_crossbar_array_with_periphery/docs/environment.yml', '/home/nvm_user4/RRAM_crossbar_array_with_periphery/docs/Makefile', '/home/nvm_user4/RRAM_crossbar_array_with_periphery/docs/source/index.rst']
2022-06-09 00:48:59 - [INFO] - For the full SPDX compliance report check: /home/nvm_user4/RRAM_crossbar_array_with_periphery/precheck_results/09_JUN_2022___00_48_57/logs/spdx_compliance_report.log
2022-06-09 00:48:59 - [INFO] - {{STEP UPDATE}} Executing Check 2 of 13: Makefile
2022-06-09 00:48:59 - [INFO] - {{MAKEFILE CHECK PASSED}} Makefile valid.
2022-06-09 00:48:59 - [INFO] - {{STEP UPDATE}} Executing Check 3 of 13: Default
2022-06-09 00:48:59 - [INFO] - {{README DEFAULT CHECK PASSED}} Project 'README.md' was modified and is not identical to the default 'README.md'
2022-06-09 00:49:00 - [INFO] - {{CONTENT DEFAULT CHECK PASSED}} Project 'gds' was modified and is not identical to the default 'gds'
2022-06-09 00:49:00 - [INFO] - {{STEP UPDATE}} Executing Check 4 of 13: Documentation
2022-06-09 00:49:00 - [INFO] - {{DOCUMENTATION CHECK PASSED}} Project documentation is appropriate.
2022-06-09 00:49:00 - [INFO] - {{STEP UPDATE}} Executing Check 5 of 13: Consistency
2022-06-09 00:49:01 - [INFO] - HIERARCHY CHECK PASSED: Module user_analog_project_wrapper is instantiated in caravan. 
2022-06-09 00:49:01 - [INFO] - COMPLEXITY CHECK PASSED: Netlist caravan contains at least 8 instances (68 instances). 
2022-06-09 00:49:01 - [INFO] - MODELING CHECK PASSED: Netlist caravan is structural.
2022-06-09 00:49:01 - [INFO] - SUBMODULE HOOKS CHECK PASSED: All module ports for user_analog_project_wrapper are correctly connected in the top level netlist caravan.
2022-06-09 00:49:01 - [INFO] - {{NETLIST CONSISTENCY CHECK PASSED}} caravan netlist passed all consistency checks.
2022-06-09 00:49:01 - [INFO] - PORTS CHECK PASSED: Netlist user_analog_project_wrapper ports match the golden wrapper ports
2022-06-09 00:49:01 - [INFO] - COMPLEXITY CHECK PASSED: Netlist user_analog_project_wrapper contains at least 1 instances (5 instances). 
2022-06-09 00:49:01 - [INFO] - MODELING CHECK PASSED: Netlist user_analog_project_wrapper is structural.
2022-06-09 00:49:01 - [INFO] - LAYOUT CHECK PASSED: The GDS layout for user_analog_project_wrapper matches the provided structural netlist.
2022-06-09 00:49:01 - [INFO] - {{NETLIST CONSISTENCY CHECK PASSED}} user_analog_project_wrapper netlist passed all consistency checks.
2022-06-09 00:49:01 - [INFO] - {{CONSISTENCY CHECK PASSED}} The user netlist and the top netlist are valid.
2022-06-09 00:49:01 - [INFO] - {{STEP UPDATE}} Executing Check 6 of 13: XOR
2022-06-09 00:49:03 - [ERROR] - XOR CHECK FILE NOT FOUND in /home/nvm_user4/RRAM_crossbar_array_with_periphery/precheck_results/09_JUN_2022___00_48_57/logs/xor_check.total
2022-06-09 00:49:03 - [WARNING] - {{XOR CHECK FAILED}} The GDS file has non-conforming geometries.
2022-06-09 00:49:03 - [INFO] - {{STEP UPDATE}} Executing Check 7 of 13: Magic DRC
2022-06-09 00:49:03 - [INFO] - 0 DRC violations
2022-06-09 00:49:03 - [INFO] - {{MAGIC DRC CHECK PASSED}} The GDS file, user_analog_project_wrapper.gds, has no DRC violations.
2022-06-09 00:49:03 - [INFO] - {{STEP UPDATE}} Executing Check 8 of 13: Klayout FEOL
2022-06-09 00:49:05 - [INFO] - No DRC Violations found
2022-06-09 00:49:05 - [INFO] - {{Klayout FEOL CHECK PASSED}} The GDS file, user_analog_project_wrapper.gds, has no DRC violations.
2022-06-09 00:49:05 - [INFO] - {{STEP UPDATE}} Executing Check 9 of 13: Klayout BEOL
2022-06-09 00:49:12 - [INFO] - No DRC Violations found
2022-06-09 00:49:12 - [INFO] - {{Klayout BEOL CHECK PASSED}} The GDS file, user_analog_project_wrapper.gds, has no DRC violations.
2022-06-09 00:49:12 - [INFO] - {{STEP UPDATE}} Executing Check 10 of 13: Klayout Offgrid
2022-06-09 00:49:14 - [INFO] - No DRC Violations found
2022-06-09 00:49:14 - [INFO] - {{Klayout Offgrid CHECK PASSED}} The GDS file, user_analog_project_wrapper.gds, has no DRC violations.
2022-06-09 00:49:14 - [INFO] - {{STEP UPDATE}} Executing Check 11 of 13: Klayout Metal Minimum Clear Area Density
2022-06-09 00:49:15 - [INFO] - No DRC Violations found
2022-06-09 00:49:15 - [INFO] - {{Klayout Metal Minimum Clear Area Density CHECK PASSED}} The GDS file, user_analog_project_wrapper.gds, has no DRC violations.
2022-06-09 00:49:15 - [INFO] - {{STEP UPDATE}} Executing Check 12 of 13: Klayout Pin Label Purposes Overlapping Drawing
2022-06-09 00:49:17 - [INFO] - No DRC Violations found
2022-06-09 00:49:17 - [INFO] - {{Klayout Pin Label Purposes Overlapping Drawing CHECK PASSED}} The GDS file, user_analog_project_wrapper.gds, has no DRC violations.
2022-06-09 00:49:17 - [INFO] - {{STEP UPDATE}} Executing Check 13 of 13: Klayout ZeroArea
2022-06-09 00:49:18 - [INFO] - No DRC Violations found
2022-06-09 00:49:18 - [INFO] - {{Klayout ZeroArea CHECK PASSED}} The GDS file, user_analog_project_wrapper.gds, has no DRC violations.
2022-06-09 00:49:18 - [INFO] - {{FINISH}} Executing Finished, the full log 'precheck.log' can be found in '/home/nvm_user4/RRAM_crossbar_array_with_periphery/precheck_results/09_JUN_2022___00_48_57/logs'
2022-06-09 00:49:18 - [CRITICAL] - {{FAILURE}} 1 Check(s) Failed: ['XOR'] !!!
