/opt/mpw_precheck/checks/tech-files/sky130A_mr.drc:38: warning: already initialized constant DRC::DRCEngine::FEOL
/opt/mpw_precheck/checks/tech-files/sky130A_mr.drc:28: warning: previous definition of FEOL was here
/opt/mpw_precheck/checks/tech-files/sky130A_mr.drc:42: warning: already initialized constant DRC::DRCEngine::BEOL
/opt/mpw_precheck/checks/tech-files/sky130A_mr.drc:29: warning: previous definition of BEOL was here
/opt/mpw_precheck/checks/tech-files/sky130A_mr.drc:50: warning: already initialized constant DRC::DRCEngine::OFFGRID
/opt/mpw_precheck/checks/tech-files/sky130A_mr.drc:30: warning: previous definition of OFFGRID was here
/opt/mpw_precheck/checks/tech-files/sky130A_mr.drc:56: warning: already initialized constant DRC::DRCEngine::SEAL
/opt/mpw_precheck/checks/tech-files/sky130A_mr.drc:31: warning: previous definition of SEAL was here
/opt/mpw_precheck/checks/tech-files/sky130A_mr.drc:62: warning: already initialized constant DRC::DRCEngine::FLOATING_MET
/opt/mpw_precheck/checks/tech-files/sky130A_mr.drc:32: warning: previous definition of FLOATING_MET was here
"input" in: sky130A_mr.drc:112
    Polygons (raw): 3148 (flat)  21 (hierarchical)
    Elapsed: 0.010s  Memory: 522.00M
"polygons" in: sky130A_mr.drc:113
    Polygons (raw): 1064 (flat)  22 (hierarchical)
    Elapsed: 0.000s  Memory: 522.00M
"polygons" in: sky130A_mr.drc:114
    Polygons (raw): 4126 (flat)  34 (hierarchical)
    Elapsed: 0.010s  Memory: 522.00M
"polygons" in: sky130A_mr.drc:115
    Polygons (raw): 0 (flat)  0 (hierarchical)
    Elapsed: 0.000s  Memory: 522.00M
"polygons" in: sky130A_mr.drc:116
    Polygons (raw): 0 (flat)  0 (hierarchical)
    Elapsed: 0.010s  Memory: 522.00M
"polygons" in: sky130A_mr.drc:117
    Polygons (raw): 0 (flat)  0 (hierarchical)
    Elapsed: 0.010s  Memory: 522.00M
"polygons" in: sky130A_mr.drc:118
    Polygons (raw): 0 (flat)  0 (hierarchical)
    Elapsed: 0.000s  Memory: 522.00M
"polygons" in: sky130A_mr.drc:119
    Polygons (raw): 0 (flat)  0 (hierarchical)
    Elapsed: 0.010s  Memory: 522.00M
"polygons" in: sky130A_mr.drc:120
    Polygons (raw): 0 (flat)  0 (hierarchical)
    Elapsed: 0.000s  Memory: 522.00M
"polygons" in: sky130A_mr.drc:121
    Polygons (raw): 0 (flat)  0 (hierarchical)
    Elapsed: 0.010s  Memory: 522.00M
"polygons" in: sky130A_mr.drc:122
    Polygons (raw): 16107 (flat)  138 (hierarchical)
    Elapsed: 0.000s  Memory: 522.00M
"polygons" in: sky130A_mr.drc:123
    Polygons (raw): 0 (flat)  0 (hierarchical)
    Elapsed: 0.010s  Memory: 522.00M
"polygons" in: sky130A_mr.drc:124
    Polygons (raw): 0 (flat)  0 (hierarchical)
    Elapsed: 0.000s  Memory: 522.00M
"polygons" in: sky130A_mr.drc:125
    Polygons (raw): 9419 (flat)  118 (hierarchical)
    Elapsed: 0.010s  Memory: 522.00M
"polygons" in: sky130A_mr.drc:126
    Polygons (raw): 1982 (flat)  10 (hierarchical)
    Elapsed: 0.000s  Memory: 522.00M
"polygons" in: sky130A_mr.drc:127
    Polygons (raw): 2348 (flat)  23 (hierarchical)
    Elapsed: 0.000s  Memory: 522.00M
"polygons" in: sky130A_mr.drc:128
    Polygons (raw): 2442 (flat)  25 (hierarchical)
    Elapsed: 0.010s  Memory: 522.00M
"polygons" in: sky130A_mr.drc:129
    Polygons (raw): 4 (flat)  2 (hierarchical)
    Elapsed: 0.000s  Memory: 522.00M
"polygons" in: sky130A_mr.drc:130
    Polygons (raw): 0 (flat)  0 (hierarchical)
    Elapsed: 0.010s  Memory: 522.00M
"polygons" in: sky130A_mr.drc:131
    Polygons (raw): 2348 (flat)  40 (hierarchical)
    Elapsed: 0.000s  Memory: 522.00M
"polygons" in: sky130A_mr.drc:132
    Polygons (raw): 16738 (flat)  255 (hierarchical)
    Elapsed: 0.010s  Memory: 522.00M
"polygons" in: sky130A_mr.drc:134
    Polygons (raw): 19513 (flat)  526 (hierarchical)
    Elapsed: 0.000s  Memory: 522.00M
"polygons" in: sky130A_mr.drc:135
    Polygons (raw): 14762 (flat)  2920 (hierarchical)
    Elapsed: 0.010s  Memory: 522.00M
"polygons" in: sky130A_mr.drc:137
    Polygons (raw): 18075 (flat)  937 (hierarchical)
    Elapsed: 0.010s  Memory: 522.00M
"polygons" in: sky130A_mr.drc:138
    Polygons (raw): 11309 (flat)  7363 (hierarchical)
    Elapsed: 0.010s  Memory: 522.00M
"polygons" in: sky130A_mr.drc:140
    Polygons (raw): 3284 (flat)  1395 (hierarchical)
    Elapsed: 0.000s  Memory: 522.00M
"polygons" in: sky130A_mr.drc:141
    Polygons (raw): 1930 (flat)  1930 (hierarchical)
    Elapsed: 0.010s  Memory: 522.00M
"polygons" in: sky130A_mr.drc:143
    Polygons (raw): 695 (flat)  695 (hierarchical)
    Elapsed: 0.000s  Memory: 522.00M
"polygons" in: sky130A_mr.drc:144
    Polygons (raw): 20324 (flat)  20324 (hierarchical)
    Elapsed: 0.020s  Memory: 523.00M
"polygons" in: sky130A_mr.drc:146
    Polygons (raw): 142 (flat)  142 (hierarchical)
    Elapsed: 0.000s  Memory: 523.00M
"polygons" in: sky130A_mr.drc:147
    Polygons (raw): 152 (flat)  152 (hierarchical)
    Elapsed: 0.010s  Memory: 523.00M
"polygons" in: sky130A_mr.drc:149
    Polygons (raw): 99 (flat)  99 (hierarchical)
    Elapsed: 0.000s  Memory: 523.00M
"polygons" in: sky130A_mr.drc:151
    Polygons (raw): 0 (flat)  0 (hierarchical)
    Elapsed: 0.010s  Memory: 523.00M
"polygons" in: sky130A_mr.drc:152
    Polygons (raw): 0 (flat)  0 (hierarchical)
    Elapsed: 0.010s  Memory: 523.00M
"polygons" in: sky130A_mr.drc:153
    Polygons (raw): 0 (flat)  0 (hierarchical)
    Elapsed: 0.000s  Memory: 523.00M
"polygons" in: sky130A_mr.drc:154
    Polygons (raw): 0 (flat)  0 (hierarchical)
    Elapsed: 0.010s  Memory: 523.00M
"polygons" in: sky130A_mr.drc:155
    Polygons (raw): 0 (flat)  0 (hierarchical)
    Elapsed: 0.000s  Memory: 523.00M
"polygons" in: sky130A_mr.drc:156
    Polygons (raw): 0 (flat)  0 (hierarchical)
    Elapsed: 0.010s  Memory: 523.00M
"polygons" in: sky130A_mr.drc:157
    Polygons (raw): 0 (flat)  0 (hierarchical)
    Elapsed: 0.000s  Memory: 523.00M
"polygons" in: sky130A_mr.drc:158
    Polygons (raw): 0 (flat)  0 (hierarchical)
    Elapsed: 0.010s  Memory: 523.00M
"polygons" in: sky130A_mr.drc:159
    Polygons (raw): 0 (flat)  0 (hierarchical)
    Elapsed: 0.000s  Memory: 523.00M
"polygons" in: sky130A_mr.drc:160
    Polygons (raw): 0 (flat)  0 (hierarchical)
    Elapsed: 0.010s  Memory: 523.00M
"polygons" in: sky130A_mr.drc:161
    Polygons (raw): 0 (flat)  0 (hierarchical)
    Elapsed: 0.000s  Memory: 523.00M
"polygons" in: sky130A_mr.drc:162
    Polygons (raw): 0 (flat)  0 (hierarchical)
    Elapsed: 0.010s  Memory: 523.00M
"polygons" in: sky130A_mr.drc:163
    Polygons (raw): 0 (flat)  0 (hierarchical)
    Elapsed: 0.000s  Memory: 523.00M
"polygons" in: sky130A_mr.drc:164
    Polygons (raw): 0 (flat)  0 (hierarchical)
    Elapsed: 0.010s  Memory: 523.00M
"polygons" in: sky130A_mr.drc:165
    Polygons (raw): 0 (flat)  0 (hierarchical)
    Elapsed: 0.000s  Memory: 523.00M
"polygons" in: sky130A_mr.drc:166
    Polygons (raw): 0 (flat)  0 (hierarchical)
    Elapsed: 0.010s  Memory: 523.00M
"polygons" in: sky130A_mr.drc:167
    Polygons (raw): 0 (flat)  0 (hierarchical)
    Elapsed: 0.000s  Memory: 523.00M
"polygons" in: sky130A_mr.drc:168
    Polygons (raw): 0 (flat)  0 (hierarchical)
    Elapsed: 0.010s  Memory: 523.00M
"polygons" in: sky130A_mr.drc:169
    Polygons (raw): 0 (flat)  0 (hierarchical)
    Elapsed: 0.000s  Memory: 523.00M
"polygons" in: sky130A_mr.drc:170
    Polygons (raw): 0 (flat)  0 (hierarchical)
    Elapsed: 0.010s  Memory: 523.00M
"polygons" in: sky130A_mr.drc:171
    Polygons (raw): 0 (flat)  0 (hierarchical)
    Elapsed: 0.000s  Memory: 523.00M
"polygons" in: sky130A_mr.drc:172
    Polygons (raw): 0 (flat)  0 (hierarchical)
    Elapsed: 0.000s  Memory: 523.00M
"polygons" in: sky130A_mr.drc:173
    Polygons (raw): 0 (flat)  0 (hierarchical)
    Elapsed: 0.010s  Memory: 523.00M
"polygons" in: sky130A_mr.drc:174
    Polygons (raw): 0 (flat)  0 (hierarchical)
    Elapsed: 0.000s  Memory: 523.00M
"polygons" in: sky130A_mr.drc:175
    Polygons (raw): 0 (flat)  0 (hierarchical)
    Elapsed: 0.010s  Memory: 523.00M
"polygons" in: sky130A_mr.drc:176
    Polygons (raw): 1 (flat)  1 (hierarchical)
    Elapsed: 0.000s  Memory: 523.00M
"polygons" in: sky130A_mr.drc:177
    Polygons (raw): 0 (flat)  0 (hierarchical)
    Elapsed: 0.010s  Memory: 523.00M
"polygons" in: sky130A_mr.drc:178
    Polygons (raw): 0 (flat)  0 (hierarchical)
    Elapsed: 0.000s  Memory: 523.00M
"polygons" in: sky130A_mr.drc:179
    Polygons (raw): 0 (flat)  0 (hierarchical)
    Elapsed: 0.010s  Memory: 523.00M
"polygons" in: sky130A_mr.drc:180
    Polygons (raw): 0 (flat)  0 (hierarchical)
    Elapsed: 0.000s  Memory: 523.00M
"polygons" in: sky130A_mr.drc:181
    Polygons (raw): 0 (flat)  0 (hierarchical)
    Elapsed: 0.010s  Memory: 523.00M
"polygons" in: sky130A_mr.drc:182
    Polygons (raw): 0 (flat)  0 (hierarchical)
    Elapsed: 0.000s  Memory: 523.00M
"polygons" in: sky130A_mr.drc:183
    Polygons (raw): 0 (flat)  0 (hierarchical)
    Elapsed: 0.010s  Memory: 523.00M
"polygons" in: sky130A_mr.drc:184
    Polygons (raw): 0 (flat)  0 (hierarchical)
    Elapsed: 0.000s  Memory: 523.00M
"polygons" in: sky130A_mr.drc:185
    Polygons (raw): 0 (flat)  0 (hierarchical)
    Elapsed: 0.010s  Memory: 523.00M
"polygons" in: sky130A_mr.drc:186
    Polygons (raw): 0 (flat)  0 (hierarchical)
    Elapsed: 0.000s  Memory: 523.00M
"polygons" in: sky130A_mr.drc:187
    Polygons (raw): 0 (flat)  0 (hierarchical)
    Elapsed: 0.010s  Memory: 523.00M
"polygons" in: sky130A_mr.drc:188
    Polygons (raw): 0 (flat)  0 (hierarchical)
    Elapsed: 0.000s  Memory: 523.00M
"polygons" in: sky130A_mr.drc:189
    Polygons (raw): 0 (flat)  0 (hierarchical)
    Elapsed: 0.010s  Memory: 523.00M
"polygons" in: sky130A_mr.drc:190
    Polygons (raw): 0 (flat)  0 (hierarchical)
    Elapsed: 0.010s  Memory: 523.00M
"polygons" in: sky130A_mr.drc:191
    Polygons (raw): 0 (flat)  0 (hierarchical)
    Elapsed: 0.000s  Memory: 523.00M
"polygons" in: sky130A_mr.drc:192
    Polygons (raw): 0 (flat)  0 (hierarchical)
    Elapsed: 0.010s  Memory: 523.00M
"polygons" in: sky130A_mr.drc:193
    Polygons (raw): 0 (flat)  0 (hierarchical)
    Elapsed: 0.000s  Memory: 523.00M
"polygons" in: sky130A_mr.drc:194
    Polygons (raw): 0 (flat)  0 (hierarchical)
    Elapsed: 0.010s  Memory: 523.00M
"polygons" in: sky130A_mr.drc:195
    Polygons (raw): 0 (flat)  0 (hierarchical)
    Elapsed: 0.000s  Memory: 523.00M
"polygons" in: sky130A_mr.drc:196
    Polygons (raw): 0 (flat)  0 (hierarchical)
    Elapsed: 0.010s  Memory: 523.00M
"polygons" in: sky130A_mr.drc:197
    Polygons (raw): 0 (flat)  0 (hierarchical)
    Elapsed: 0.000s  Memory: 523.00M
"polygons" in: sky130A_mr.drc:198
    Polygons (raw): 0 (flat)  0 (hierarchical)
    Elapsed: 0.010s  Memory: 523.00M
"polygons" in: sky130A_mr.drc:199
    Polygons (raw): 4 (flat)  2 (hierarchical)
    Elapsed: 0.000s  Memory: 523.00M
"polygons" in: sky130A_mr.drc:200
    Polygons (raw): 0 (flat)  0 (hierarchical)
    Elapsed: 0.010s  Memory: 523.00M
"polygons" in: sky130A_mr.drc:201
    Polygons (raw): 0 (flat)  0 (hierarchical)
    Elapsed: 0.000s  Memory: 523.00M
"polygons" in: sky130A_mr.drc:202
    Polygons (raw): 0 (flat)  0 (hierarchical)
    Elapsed: 0.010s  Memory: 523.00M
"polygons" in: sky130A_mr.drc:203
    Polygons (raw): 0 (flat)  0 (hierarchical)
    Elapsed: 0.000s  Memory: 523.00M
DRC section
BEOL section
START: 67/20 (li)
"not" in: sky130A_mr.drc:381
    Polygons (raw): 19513 (flat)  526 (hierarchical)
    Elapsed: 0.010s  Memory: 523.00M
"width" in: sky130A_mr.drc:382
    Edge pairs: 0 (flat)  0 (hierarchical)
    Elapsed: 0.010s  Memory: 523.00M
"output" in: sky130A_mr.drc:382
    Edge pairs: 0 (flat)  0 (hierarchical)
    Elapsed: 0.010s  Memory: 523.00M
"edges" in: sky130A_mr.drc:384
    Edges: 63071 (flat)  2095 (hierarchical)
    Elapsed: 0.020s  Memory: 1067.00M
"space" in: sky130A_mr.drc:384
    Edge pairs: 0 (flat)  0 (hierarchical)
    Elapsed: 0.030s  Memory: 1068.00M
"output" in: sky130A_mr.drc:384
    Edge pairs: 0 (flat)  0 (hierarchical)
    Elapsed: 0.010s  Memory: 1068.00M
"not" in: sky130A_mr.drc:385
    Polygons (raw): 16738 (flat)  255 (hierarchical)
    Elapsed: 0.000s  Memory: 1068.00M
"enclosing" in: sky130A_mr.drc:386
    Edge pairs: 23842 (flat)  840 (hierarchical)
    Elapsed: 0.040s  Memory: 1068.00M
"second_edges" in: sky130A_mr.drc:386
    Edges: 23842 (flat)  840 (hierarchical)
    Elapsed: 0.000s  Memory: 1068.00M
"width" in: sky130A_mr.drc:387
    Edge pairs: 0 (flat)  0 (hierarchical)
    Elapsed: 0.010s  Memory: 1068.00M
"polygons" in: sky130A_mr.drc:388
    Polygons (raw): 0 (flat)  0 (hierarchical)
    Elapsed: 0.010s  Memory: 1068.00M
"interacting" in: sky130A_mr.drc:388
    Polygons (raw): 0 (flat)  0 (hierarchical)
    Elapsed: 0.010s  Memory: 1068.00M
"output" in: sky130A_mr.drc:389
    Polygons (raw): 0 (flat)  0 (hierarchical)
    Elapsed: 0.010s  Memory: 1068.00M
"with_area" in: sky130A_mr.drc:390
    Polygons (raw): 0 (flat)  0 (hierarchical)
    Elapsed: 0.000s  Memory: 1068.00M
"output" in: sky130A_mr.drc:390
    Polygons (raw): 0 (flat)  0 (hierarchical)
    Elapsed: 0.010s  Memory: 1068.00M
END: 67/20 (li)
START: 67/44 (mcon)
"not" in: sky130A_mr.drc:395
    Polygons (raw): 14762 (flat)  2920 (hierarchical)
    Elapsed: 0.000s  Memory: 1068.00M
"not" in: sky130A_mr.drc:402
    Polygons (raw): 14762 (flat)  2920 (hierarchical)
    Elapsed: 0.010s  Memory: 1068.00M
"non_rectangles" in: sky130A_mr.drc:403
    Polygons (raw): 0 (flat)  0 (hierarchical)
    Elapsed: 0.020s  Memory: 1069.00M
"output" in: sky130A_mr.drc:403
    Polygons (raw): 0 (flat)  0 (hierarchical)
    Elapsed: 0.010s  Memory: 1069.00M
"drc" in: sky130A_mr.drc:405
    Edge pairs: 0 (flat)  0 (hierarchical)
    Elapsed: 0.050s  Memory: 1069.00M
"output" in: sky130A_mr.drc:405
    Edge pairs: 0 (flat)  0 (hierarchical)
    Elapsed: 0.000s  Memory: 1069.00M
"drc" in: sky130A_mr.drc:406
    Edges: 0 (flat)  0 (hierarchical)
    Elapsed: 0.030s  Memory: 1069.00M
"output" in: sky130A_mr.drc:406
    Edges: 0 (flat)  0 (hierarchical)
    Elapsed: 0.000s  Memory: 1069.00M
"space" in: sky130A_mr.drc:407
    Edge pairs: 0 (flat)  0 (hierarchical)
    Elapsed: 0.030s  Memory: 1069.00M
"output" in: sky130A_mr.drc:407
    Edge pairs: 0 (flat)  0 (hierarchical)
    Elapsed: 0.000s  Memory: 1069.00M
"not" in: sky130A_mr.drc:413
    Polygons (raw): 0 (flat)  0 (hierarchical)
    Elapsed: 0.030s  Memory: 1069.00M
"output" in: sky130A_mr.drc:413
    Polygons (raw): 0 (flat)  0 (hierarchical)
    Elapsed: 0.010s  Memory: 1069.00M
END: 67/44 (mcon)
START: 68/20 (m1)
"width" in: sky130A_mr.drc:418
    Edge pairs: 0 (flat)  0 (hierarchical)
    Elapsed: 0.040s  Memory: 1069.00M
"output" in: sky130A_mr.drc:418
    Edge pairs: 0 (flat)  0 (hierarchical)
    Elapsed: 0.010s  Memory: 1069.00M
"sized" in: sky130A_mr.drc:419
    Polygons (raw): 0 (flat)  0 (hierarchical)
    Elapsed: 0.040s  Memory: 1069.00M
"sized" in: sky130A_mr.drc:419
    Polygons (raw): 0 (flat)  0 (hierarchical)
    Elapsed: 0.000s  Memory: 1069.00M
"snap" in: sky130A_mr.drc:419
    Polygons (raw): 0 (flat)  0 (hierarchical)
    Elapsed: 0.010s  Memory: 1069.00M
"&" in: sky130A_mr.drc:419
    Polygons (raw): 0 (flat)  0 (hierarchical)
    Elapsed: 0.010s  Memory: 1069.00M
"edges" in: sky130A_mr.drc:420
    Edges: 74001 (flat)  4011 (hierarchical)
    Elapsed: 0.100s  Memory: 1069.00M
"-" in: sky130A_mr.drc:420
    Edges: 74001 (flat)  4011 (hierarchical)
    Elapsed: 0.010s  Memory: 1069.00M
"edges" in: sky130A_mr.drc:421
    Edges: 0 (flat)  0 (hierarchical)
    Elapsed: 0.010s  Memory: 1069.00M
"merged" in: sky130A_mr.drc:421
    Polygons (raw): 4585 (flat)  609 (hierarchical)
    Elapsed: 0.000s  Memory: 1069.00M
"outside_part" in: sky130A_mr.drc:421
    Edges: 0 (flat)  0 (hierarchical)
    Elapsed: 0.010s  Memory: 1069.00M
"space" in: sky130A_mr.drc:423
    Edge pairs: 0 (flat)  0 (hierarchical)
    Elapsed: 0.080s  Memory: 1072.00M
"output" in: sky130A_mr.drc:423
    Edge pairs: 0 (flat)  0 (hierarchical)
    Elapsed: 0.000s  Memory: 1072.00M
"separation" in: sky130A_mr.drc:425
    Edge pairs: 0 (flat)  0 (hierarchical)
    Elapsed: 0.010s  Memory: 1072.00M
"space" in: sky130A_mr.drc:425
    Edge pairs: 0 (flat)  0 (hierarchical)
    Elapsed: 0.000s  Memory: 1072.00M
"+" in: sky130A_mr.drc:425
    Edge pairs: 0 (flat)  0 (hierarchical)
    Elapsed: 0.010s  Memory: 1072.00M
"output" in: sky130A_mr.drc:425
    Edge pairs: 0 (flat)  0 (hierarchical)
    Elapsed: 0.000s  Memory: 1072.00M
"input" in: sky130A_mr.drc:429
    Polygons (raw): 18075 (flat)  1236 (hierarchical)
    Elapsed: 0.010s  Memory: 1072.00M
"enclosing" in: sky130A_mr.drc:431
    Edge pairs: 0 (flat)  0 (hierarchical)
    Elapsed: 0.390s  Memory: 1072.00M
"output" in: sky130A_mr.drc:431
    Edge pairs: 0 (flat)  0 (hierarchical)
    Elapsed: 0.000s  Memory: 1072.00M
"not" in: sky130A_mr.drc:432
    Polygons (raw): 0 (flat)  0 (hierarchical)
    Elapsed: 0.050s  Memory: 1072.00M
"output" in: sky130A_mr.drc:432
    Polygons (raw): 0 (flat)  0 (hierarchical)
    Elapsed: 0.000s  Memory: 1072.00M
"input" in: sky130A_mr.drc:434
    Polygons (raw): 0 (flat)  0 (hierarchical)
    Elapsed: 0.010s  Memory: 1072.00M
"enclosing" in: sky130A_mr.drc:435
    Edge pairs: 0 (flat)  0 (hierarchical)
    Elapsed: 0.010s  Memory: 1072.00M
"output" in: sky130A_mr.drc:435
    Edge pairs: 0 (flat)  0 (hierarchical)
    Elapsed: 0.000s  Memory: 1072.00M
"not" in: sky130A_mr.drc:437
    Polygons (raw): 0 (flat)  0 (hierarchical)
    Elapsed: 0.010s  Memory: 1072.00M
"output" in: sky130A_mr.drc:437
    Polygons (raw): 0 (flat)  0 (hierarchical)
    Elapsed: 0.000s  Memory: 1072.00M
"with_area" in: sky130A_mr.drc:439
    Polygons (raw): 0 (flat)  0 (hierarchical)
    Elapsed: 0.010s  Memory: 1072.00M
"output" in: sky130A_mr.drc:439
    Polygons (raw): 0 (flat)  0 (hierarchical)
    Elapsed: 0.000s  Memory: 1072.00M
"holes" in: sky130A_mr.drc:441
    Polygons (raw): 0 (flat)  0 (hierarchical)
    Elapsed: 0.010s  Memory: 1072.00M
"with_area" in: sky130A_mr.drc:441
    Polygons (raw): 0 (flat)  0 (hierarchical)
    Elapsed: 0.010s  Memory: 1072.00M
"output" in: sky130A_mr.drc:441
    Polygons (raw): 0 (flat)  0 (hierarchical)
    Elapsed: 0.000s  Memory: 1072.00M
"enclosing" in: sky130A_mr.drc:448
    Edge pairs: 19610 (flat)  3428 (hierarchical)
    Elapsed: 0.410s  Memory: 1072.00M
"second_edges" in: sky130A_mr.drc:448
    Edges: 19610 (flat)  3428 (hierarchical)
    Elapsed: 0.010s  Memory: 1072.00M
"width" in: sky130A_mr.drc:449
    Edge pairs: 0 (flat)  0 (hierarchical)
    Elapsed: 0.050s  Memory: 1072.00M
"polygons" in: sky130A_mr.drc:450
    Polygons (raw): 0 (flat)  0 (hierarchical)
    Elapsed: 0.000s  Memory: 1072.00M
"interacting" in: sky130A_mr.drc:450
    Polygons (raw): 0 (flat)  0 (hierarchical)
    Elapsed: 0.030s  Memory: 1072.00M
"output" in: sky130A_mr.drc:451
    Polygons (raw): 0 (flat)  0 (hierarchical)
    Elapsed: 0.010s  Memory: 1072.00M
END: 68/20 (m1)
START: 68/44 (via)
"not" in: sky130A_mr.drc:465
    Polygons (raw): 11309 (flat)  7494 (hierarchical)
    Elapsed: 0.010s  Memory: 1072.00M
"non_rectangles" in: sky130A_mr.drc:467
    Polygons (raw): 0 (flat)  0 (hierarchical)
    Elapsed: 0.060s  Memory: 1072.00M
"output" in: sky130A_mr.drc:467
    Polygons (raw): 0 (flat)  0 (hierarchical)
    Elapsed: 0.000s  Memory: 1072.00M
"width" in: sky130A_mr.drc:468
    Edge pairs: 0 (flat)  0 (hierarchical)
    Elapsed: 0.010s  Memory: 1072.00M
"output" in: sky130A_mr.drc:468
    Edge pairs: 0 (flat)  0 (hierarchical)
    Elapsed: 0.010s  Memory: 1072.00M
"drc" in: sky130A_mr.drc:470
    Edges: 0 (flat)  0 (hierarchical)
    Elapsed: 0.050s  Memory: 1072.00M
"output" in: sky130A_mr.drc:470
    Edges: 0 (flat)  0 (hierarchical)
    Elapsed: 0.010s  Memory: 1072.00M
"space" in: sky130A_mr.drc:472
    Edge pairs: 0 (flat)  0 (hierarchical)
    Elapsed: 0.130s  Memory: 1074.00M
"output" in: sky130A_mr.drc:472
    Edge pairs: 0 (flat)  0 (hierarchical)
    Elapsed: 0.010s  Memory: 1074.00M
"edges" in: sky130A_mr.drc:480
    Edges: 74001 (flat)  4011 (hierarchical)
    Elapsed: 0.110s  Memory: 1074.00M
"drc" in: sky130A_mr.drc:480
    Edges: 45012 (flat)  29752 (hierarchical)
    Elapsed: 0.110s  Memory: 1074.00M
"enclosing" in: sky130A_mr.drc:480
    Edge pairs: 0 (flat)  0 (hierarchical)
    Elapsed: 0.170s  Memory: 1074.00M
"output" in: sky130A_mr.drc:480
    Edge pairs: 0 (flat)  0 (hierarchical)
    Elapsed: 0.000s  Memory: 1074.00M
"squares" in: sky130A_mr.drc:481
    Polygons (raw): 11253 (flat)  7438 (hierarchical)
    Elapsed: 0.010s  Memory: 1074.00M
"drc" in: sky130A_mr.drc:481
    Edges: 45012 (flat)  29752 (hierarchical)
    Elapsed: 0.120s  Memory: 1074.00M
"not" in: sky130A_mr.drc:481
    Edges: 0 (flat)  0 (hierarchical)
    Elapsed: 0.210s  Memory: 1074.00M
"output" in: sky130A_mr.drc:481
    Edges: 0 (flat)  0 (hierarchical)
    Elapsed: 0.000s  Memory: 1074.00M
"edges" in: sky130A_mr.drc:483
    Edges: 74001 (flat)  4011 (hierarchical)
    Elapsed: 0.110s  Memory: 1074.00M
"drc" in: sky130A_mr.drc:483
    Edges: 45012 (flat)  29752 (hierarchical)
    Elapsed: 0.110s  Memory: 1074.00M
"enclosing" in: sky130A_mr.drc:483
    Edge pairs: 20 (flat)  16 (hierarchical)
    Elapsed: 0.180s  Memory: 1075.00M
"second_edges" in: sky130A_mr.drc:483
    Edges: 20 (flat)  16 (hierarchical)
    Elapsed: 0.000s  Memory: 1075.00M
"width" in: sky130A_mr.drc:484
    Edge pairs: 0 (flat)  0 (hierarchical)
    Elapsed: 0.010s  Memory: 1075.00M
"polygons" in: sky130A_mr.drc:485
    Polygons (raw): 0 (flat)  0 (hierarchical)
    Elapsed: 0.010s  Memory: 1075.00M
"interacting" in: sky130A_mr.drc:485
    Polygons (raw): 0 (flat)  0 (hierarchical)
    Elapsed: 0.010s  Memory: 1075.00M
"output" in: sky130A_mr.drc:486
    Polygons (raw): 0 (flat)  0 (hierarchical)
    Elapsed: 0.010s  Memory: 1075.00M
END: 68/44 (via)
START: 69/20 (m2)
"width" in: sky130A_mr.drc:493
    Edge pairs: 0 (flat)  0 (hierarchical)
    Elapsed: 0.010s  Memory: 1075.00M
"output" in: sky130A_mr.drc:493
    Edge pairs: 0 (flat)  0 (hierarchical)
    Elapsed: 0.000s  Memory: 1075.00M
"sized" in: sky130A_mr.drc:495
    Polygons (raw): 0 (flat)  0 (hierarchical)
    Elapsed: 0.010s  Memory: 1075.00M
"sized" in: sky130A_mr.drc:495
    Polygons (raw): 0 (flat)  0 (hierarchical)
    Elapsed: 0.010s  Memory: 1075.00M
"snap" in: sky130A_mr.drc:495
    Polygons (raw): 0 (flat)  0 (hierarchical)
    Elapsed: 0.010s  Memory: 1075.00M
"&" in: sky130A_mr.drc:495
    Polygons (raw): 0 (flat)  0 (hierarchical)
    Elapsed: 0.000s  Memory: 1075.00M
"edges" in: sky130A_mr.drc:496
    Edges: 10176 (flat)  5531 (hierarchical)
    Elapsed: 0.050s  Memory: 1075.00M
"-" in: sky130A_mr.drc:496
    Edges: 10176 (flat)  5531 (hierarchical)
    Elapsed: 0.000s  Memory: 1075.00M
"edges" in: sky130A_mr.drc:497
    Edges: 0 (flat)  0 (hierarchical)
    Elapsed: 0.010s  Memory: 1075.00M
"merged" in: sky130A_mr.drc:497
    Polygons (raw): 1358 (flat)  839 (hierarchical)
    Elapsed: 0.010s  Memory: 1075.00M
"outside_part" in: sky130A_mr.drc:497
    Edges: 0 (flat)  0 (hierarchical)
    Elapsed: 0.010s  Memory: 1075.00M
"not" in: sky130A_mr.drc:498
    Polygons (raw): 11309 (flat)  7494 (hierarchical)
    Elapsed: 0.000s  Memory: 1075.00M
"space" in: sky130A_mr.drc:500
    Edge pairs: 0 (flat)  0 (hierarchical)
    Elapsed: 0.060s  Memory: 1077.00M
"output" in: sky130A_mr.drc:500
    Edge pairs: 0 (flat)  0 (hierarchical)
    Elapsed: 0.010s  Memory: 1077.00M
"separation" in: sky130A_mr.drc:502
    Edge pairs: 0 (flat)  0 (hierarchical)
    Elapsed: 0.000s  Memory: 1077.00M
"space" in: sky130A_mr.drc:502
    Edge pairs: 0 (flat)  0 (hierarchical)
    Elapsed: 0.010s  Memory: 1077.00M
"+" in: sky130A_mr.drc:502
    Edge pairs: 0 (flat)  0 (hierarchical)
    Elapsed: 0.000s  Memory: 1077.00M
"output" in: sky130A_mr.drc:502
    Edge pairs: 0 (flat)  0 (hierarchical)
    Elapsed: 0.010s  Memory: 1077.00M
"with_area" in: sky130A_mr.drc:504
    Polygons (raw): 0 (flat)  0 (hierarchical)
    Elapsed: 0.010s  Memory: 1077.00M
"output" in: sky130A_mr.drc:504
    Polygons (raw): 0 (flat)  0 (hierarchical)
    Elapsed: 0.000s  Memory: 1077.00M
"holes" in: sky130A_mr.drc:505
    Polygons (raw): 100 (flat)  8 (hierarchical)
    Elapsed: 0.010s  Memory: 1077.00M
"with_area" in: sky130A_mr.drc:505
    Polygons (raw): 0 (flat)  0 (hierarchical)
    Elapsed: 0.010s  Memory: 1077.00M
"output" in: sky130A_mr.drc:505
    Polygons (raw): 0 (flat)  0 (hierarchical)
    Elapsed: 0.000s  Memory: 1077.00M
"enclosing" in: sky130A_mr.drc:510
    Edge pairs: 0 (flat)  0 (hierarchical)
    Elapsed: 0.360s  Memory: 1077.00M
"output" in: sky130A_mr.drc:510
    Edge pairs: 0 (flat)  0 (hierarchical)
    Elapsed: 0.000s  Memory: 1077.00M
"not" in: sky130A_mr.drc:511
    Polygons (raw): 0 (flat)  0 (hierarchical)
    Elapsed: 0.070s  Memory: 1077.00M
"output" in: sky130A_mr.drc:511
    Polygons (raw): 0 (flat)  0 (hierarchical)
    Elapsed: 0.010s  Memory: 1077.00M
"enclosing" in: sky130A_mr.drc:512
    Edge pairs: 119 (flat)  111 (hierarchical)
    Elapsed: 0.350s  Memory: 1077.00M
"second_edges" in: sky130A_mr.drc:512
    Edges: 119 (flat)  111 (hierarchical)
    Elapsed: 0.000s  Memory: 1077.00M
"width" in: sky130A_mr.drc:513
    Edge pairs: 0 (flat)  0 (hierarchical)
    Elapsed: 0.010s  Memory: 1077.00M
"polygons" in: sky130A_mr.drc:514
    Polygons (raw): 0 (flat)  0 (hierarchical)
    Elapsed: 0.010s  Memory: 1077.00M
"interacting" in: sky130A_mr.drc:514
    Polygons (raw): 0 (flat)  0 (hierarchical)
    Elapsed: 0.010s  Memory: 1077.00M
"output" in: sky130A_mr.drc:515
    Polygons (raw): 0 (flat)  0 (hierarchical)
    Elapsed: 0.000s  Memory: 1077.00M
END: 69/20 (m2)
START: 69/44 (via2)
"not" in: sky130A_mr.drc:530
    Polygons (raw): 1930 (flat)  1930 (hierarchical)
    Elapsed: 0.010s  Memory: 1077.00M
"non_rectangles" in: sky130A_mr.drc:531
    Polygons (raw): 0 (flat)  0 (hierarchical)
    Elapsed: 0.010s  Memory: 1077.00M
"output" in: sky130A_mr.drc:531
    Polygons (raw): 0 (flat)  0 (hierarchical)
    Elapsed: 0.010s  Memory: 1077.00M
"width" in: sky130A_mr.drc:532
    Edge pairs: 0 (flat)  0 (hierarchical)
    Elapsed: 0.010s  Memory: 1077.00M
"output" in: sky130A_mr.drc:532
    Edge pairs: 0 (flat)  0 (hierarchical)
    Elapsed: 0.000s  Memory: 1077.00M
"edges" in: sky130A_mr.drc:533
    Edges: 7720 (flat)  7720 (hierarchical)
    Elapsed: 0.020s  Memory: 1077.00M
"without_length" in: sky130A_mr.drc:533
    Edges: 0 (flat)  0 (hierarchical)
    Elapsed: 0.020s  Memory: 1078.00M
"output" in: sky130A_mr.drc:533
    Edges: 0 (flat)  0 (hierarchical)
    Elapsed: 0.000s  Memory: 1078.00M
"space" in: sky130A_mr.drc:534
    Edge pairs: 0 (flat)  0 (hierarchical)
    Elapsed: 0.020s  Memory: 1078.00M
"output" in: sky130A_mr.drc:534
    Edge pairs: 0 (flat)  0 (hierarchical)
    Elapsed: 0.010s  Memory: 1078.00M
"enclosing" in: sky130A_mr.drc:542
    Edge pairs: 0 (flat)  0 (hierarchical)
    Elapsed: 0.060s  Memory: 1078.00M
"output" in: sky130A_mr.drc:542
    Edge pairs: 0 (flat)  0 (hierarchical)
    Elapsed: 0.010s  Memory: 1078.00M
"not" in: sky130A_mr.drc:543
    Polygons (raw): 0 (flat)  0 (hierarchical)
    Elapsed: 0.010s  Memory: 1078.00M
"output" in: sky130A_mr.drc:543
    Polygons (raw): 0 (flat)  0 (hierarchical)
    Elapsed: 0.010s  Memory: 1078.00M
"enclosing" in: sky130A_mr.drc:545
    Edge pairs: 0 (flat)  0 (hierarchical)
    Elapsed: 0.060s  Memory: 1078.00M
"second_edges" in: sky130A_mr.drc:545
    Edges: 0 (flat)  0 (hierarchical)
    Elapsed: 0.010s  Memory: 1078.00M
"width" in: sky130A_mr.drc:546
    Edge pairs: 0 (flat)  0 (hierarchical)
    Elapsed: 0.000s  Memory: 1078.00M
"polygons" in: sky130A_mr.drc:547
    Polygons (raw): 0 (flat)  0 (hierarchical)
    Elapsed: 0.010s  Memory: 1078.00M
"interacting" in: sky130A_mr.drc:547
    Polygons (raw): 0 (flat)  0 (hierarchical)
    Elapsed: 0.010s  Memory: 1078.00M
"output" in: sky130A_mr.drc:548
    Polygons (raw): 0 (flat)  0 (hierarchical)
    Elapsed: 0.000s  Memory: 1078.00M
END: 69/44 (via2)
START: 70/20 (m3)
"width" in: sky130A_mr.drc:554
    Edge pairs: 0 (flat)  0 (hierarchical)
    Elapsed: 0.010s  Memory: 1078.00M
"output" in: sky130A_mr.drc:554
    Edge pairs: 0 (flat)  0 (hierarchical)
    Elapsed: 0.010s  Memory: 1078.00M
"sized" in: sky130A_mr.drc:556
    Polygons (raw): 40 (flat)  40 (hierarchical)
    Elapsed: 0.010s  Memory: 1078.00M
"sized" in: sky130A_mr.drc:556
    Polygons (raw): 40 (flat)  40 (hierarchical)
    Elapsed: 0.000s  Memory: 1078.00M
"snap" in: sky130A_mr.drc:556
    Polygons (raw): 40 (flat)  40 (hierarchical)
    Elapsed: 0.010s  Memory: 1078.00M
"&" in: sky130A_mr.drc:556
    Polygons (raw): 41 (flat)  41 (hierarchical)
    Elapsed: 0.010s  Memory: 1078.00M
"edges" in: sky130A_mr.drc:557
    Edges: 2561 (flat)  2561 (hierarchical)
    Elapsed: 0.010s  Memory: 1078.00M
"-" in: sky130A_mr.drc:557
    Edges: 2340 (flat)  2340 (hierarchical)
    Elapsed: 0.010s  Memory: 1078.00M
"edges" in: sky130A_mr.drc:558
    Edges: 176 (flat)  176 (hierarchical)
    Elapsed: 0.010s  Memory: 1078.00M
"merged" in: sky130A_mr.drc:558
    Polygons (raw): 435 (flat)  435 (hierarchical)
    Elapsed: 0.000s  Memory: 1078.00M
"outside_part" in: sky130A_mr.drc:558
    Edges: 197 (flat)  197 (hierarchical)
    Elapsed: 0.000s  Memory: 1078.00M
"space" in: sky130A_mr.drc:560
    Edge pairs: 0 (flat)  0 (hierarchical)
    Elapsed: 0.020s  Memory: 1078.00M
"output" in: sky130A_mr.drc:560
    Edge pairs: 0 (flat)  0 (hierarchical)
    Elapsed: 0.010s  Memory: 1078.00M
"separation" in: sky130A_mr.drc:562
    Edge pairs: 0 (flat)  0 (hierarchical)
    Elapsed: 0.000s  Memory: 1078.00M
"space" in: sky130A_mr.drc:562
    Edge pairs: 0 (flat)  0 (hierarchical)
    Elapsed: 0.010s  Memory: 1078.00M
"+" in: sky130A_mr.drc:562
    Edge pairs: 0 (flat)  0 (hierarchical)
    Elapsed: 0.010s  Memory: 1078.00M
"output" in: sky130A_mr.drc:562
    Edge pairs: 0 (flat)  0 (hierarchical)
    Elapsed: 0.000s  Memory: 1078.00M
"enclosing" in: sky130A_mr.drc:567
    Edge pairs: 0 (flat)  0 (hierarchical)
    Elapsed: 0.030s  Memory: 1078.00M
"output" in: sky130A_mr.drc:567
    Edge pairs: 0 (flat)  0 (hierarchical)
    Elapsed: 0.000s  Memory: 1078.00M
"not" in: sky130A_mr.drc:568
    Polygons (raw): 0 (flat)  0 (hierarchical)
    Elapsed: 0.020s  Memory: 1078.00M
"output" in: sky130A_mr.drc:568
    Polygons (raw): 0 (flat)  0 (hierarchical)
    Elapsed: 0.000s  Memory: 1078.00M
END: 70/20 (m3)
START: 70/44 (via3)
"not" in: sky130A_mr.drc:582
    Polygons (raw): 20324 (flat)  20324 (hierarchical)
    Elapsed: 0.010s  Memory: 1078.00M
"non_rectangles" in: sky130A_mr.drc:583
    Polygons (raw): 0 (flat)  0 (hierarchical)
    Elapsed: 0.100s  Memory: 1081.00M
"output" in: sky130A_mr.drc:583
    Polygons (raw): 0 (flat)  0 (hierarchical)
    Elapsed: 0.000s  Memory: 1081.00M
"width" in: sky130A_mr.drc:584
    Edge pairs: 0 (flat)  0 (hierarchical)
    Elapsed: 0.020s  Memory: 1081.00M
"output" in: sky130A_mr.drc:584
    Edge pairs: 0 (flat)  0 (hierarchical)
    Elapsed: 0.010s  Memory: 1081.00M
"edges" in: sky130A_mr.drc:585
    Edges: 81296 (flat)  81296 (hierarchical)
    Elapsed: 0.070s  Memory: 1081.00M
"without_length" in: sky130A_mr.drc:585
    Edges: 0 (flat)  0 (hierarchical)
    Elapsed: 0.180s  Memory: 1105.00M
"output" in: sky130A_mr.drc:585
    Edges: 0 (flat)  0 (hierarchical)
    Elapsed: 0.010s  Memory: 1105.00M
"space" in: sky130A_mr.drc:587
    Edge pairs: 0 (flat)  0 (hierarchical)
    Elapsed: 0.140s  Memory: 1105.00M
"output" in: sky130A_mr.drc:587
    Edge pairs: 0 (flat)  0 (hierarchical)
    Elapsed: 0.010s  Memory: 1105.00M
"enclosing" in: sky130A_mr.drc:588
    Edge pairs: 0 (flat)  0 (hierarchical)
    Elapsed: 0.160s  Memory: 1105.00M
"output" in: sky130A_mr.drc:588
    Edge pairs: 0 (flat)  0 (hierarchical)
    Elapsed: 0.000s  Memory: 1105.00M
"not" in: sky130A_mr.drc:589
    Polygons (raw): 0 (flat)  0 (hierarchical)
    Elapsed: 0.040s  Memory: 1105.00M
"output" in: sky130A_mr.drc:589
    Polygons (raw): 0 (flat)  0 (hierarchical)
    Elapsed: 0.010s  Memory: 1105.00M
"enclosing" in: sky130A_mr.drc:591
    Edge pairs: 0 (flat)  0 (hierarchical)
    Elapsed: 0.170s  Memory: 1105.00M
"second_edges" in: sky130A_mr.drc:591
    Edges: 0 (flat)  0 (hierarchical)
    Elapsed: 0.000s  Memory: 1105.00M
"width" in: sky130A_mr.drc:592
    Edge pairs: 0 (flat)  0 (hierarchical)
    Elapsed: 0.010s  Memory: 1105.00M
"polygons" in: sky130A_mr.drc:593
    Polygons (raw): 0 (flat)  0 (hierarchical)
    Elapsed: 0.010s  Memory: 1105.00M
"interacting" in: sky130A_mr.drc:593
    Polygons (raw): 0 (flat)  0 (hierarchical)
    Elapsed: 0.010s  Memory: 1105.00M
"output" in: sky130A_mr.drc:594
    Polygons (raw): 0 (flat)  0 (hierarchical)
    Elapsed: 0.000s  Memory: 1105.00M
END: 70/44 (via3)
START: 71/20 (m4)
"width" in: sky130A_mr.drc:600
    Edge pairs: 0 (flat)  0 (hierarchical)
    Elapsed: 0.010s  Memory: 1105.00M
"output" in: sky130A_mr.drc:600
    Edge pairs: 0 (flat)  0 (hierarchical)
    Elapsed: 0.010s  Memory: 1105.00M
"sized" in: sky130A_mr.drc:602
    Polygons (raw): 11 (flat)  11 (hierarchical)
    Elapsed: 0.000s  Memory: 1105.00M
"sized" in: sky130A_mr.drc:602
    Polygons (raw): 11 (flat)  11 (hierarchical)
    Elapsed: 0.010s  Memory: 1105.00M
"snap" in: sky130A_mr.drc:602
    Polygons (raw): 11 (flat)  11 (hierarchical)
    Elapsed: 0.010s  Memory: 1105.00M
"&" in: sky130A_mr.drc:602
    Polygons (raw): 22 (flat)  22 (hierarchical)
    Elapsed: 0.010s  Memory: 1105.00M
"edges" in: sky130A_mr.drc:603
    Edges: 556 (flat)  556 (hierarchical)
    Elapsed: 0.010s  Memory: 1105.00M
"-" in: sky130A_mr.drc:603
    Edges: 479 (flat)  479 (hierarchical)
    Elapsed: 0.010s  Memory: 1105.00M
"edges" in: sky130A_mr.drc:604
    Edges: 80 (flat)  80 (hierarchical)
    Elapsed: 0.010s  Memory: 1105.00M
"merged" in: sky130A_mr.drc:604
    Polygons (raw): 130 (flat)  130 (hierarchical)
    Elapsed: 0.000s  Memory: 1105.00M
"outside_part" in: sky130A_mr.drc:604
    Edges: 81 (flat)  81 (hierarchical)
    Elapsed: 0.010s  Memory: 1105.00M
"space" in: sky130A_mr.drc:606
    Edge pairs: 0 (flat)  0 (hierarchical)
    Elapsed: 0.010s  Memory: 1105.00M
"output" in: sky130A_mr.drc:606
    Edge pairs: 0 (flat)  0 (hierarchical)
    Elapsed: 0.010s  Memory: 1105.00M
"with_area" in: sky130A_mr.drc:608
    Polygons (raw): 0 (flat)  0 (hierarchical)
    Elapsed: 0.000s  Memory: 1105.00M
"output" in: sky130A_mr.drc:608
    Polygons (raw): 0 (flat)  0 (hierarchical)
    Elapsed: 0.000s  Memory: 1105.00M
"separation" in: sky130A_mr.drc:610
    Edge pairs: 0 (flat)  0 (hierarchical)
    Elapsed: 0.010s  Memory: 1105.00M
"space" in: sky130A_mr.drc:610
    Edge pairs: 0 (flat)  0 (hierarchical)
    Elapsed: 0.010s  Memory: 1105.00M
"+" in: sky130A_mr.drc:610
    Edge pairs: 0 (flat)  0 (hierarchical)
    Elapsed: 0.000s  Memory: 1105.00M
"output" in: sky130A_mr.drc:610
    Edge pairs: 0 (flat)  0 (hierarchical)
    Elapsed: 0.010s  Memory: 1105.00M
"enclosing" in: sky130A_mr.drc:615
    Edge pairs: 0 (flat)  0 (hierarchical)
    Elapsed: 0.150s  Memory: 1105.00M
"output" in: sky130A_mr.drc:615
    Edge pairs: 0 (flat)  0 (hierarchical)
    Elapsed: 0.000s  Memory: 1105.00M
"not" in: sky130A_mr.drc:616
    Polygons (raw): 0 (flat)  0 (hierarchical)
    Elapsed: 0.050s  Memory: 1105.00M
"output" in: sky130A_mr.drc:616
    Polygons (raw): 0 (flat)  0 (hierarchical)
    Elapsed: 0.000s  Memory: 1105.00M
END: 71/20 (m4)
START: 71/44 (via4)
"not" in: sky130A_mr.drc:629
    Polygons (raw): 152 (flat)  152 (hierarchical)
    Elapsed: 0.010s  Memory: 1105.00M
"non_rectangles" in: sky130A_mr.drc:630
    Polygons (raw): 0 (flat)  0 (hierarchical)
    Elapsed: 0.010s  Memory: 1105.00M
"output" in: sky130A_mr.drc:630
    Polygons (raw): 0 (flat)  0 (hierarchical)
    Elapsed: 0.000s  Memory: 1105.00M
"width" in: sky130A_mr.drc:631
    Edge pairs: 0 (flat)  0 (hierarchical)
    Elapsed: 0.010s  Memory: 1105.00M
"output" in: sky130A_mr.drc:631
    Edge pairs: 0 (flat)  0 (hierarchical)
    Elapsed: 0.010s  Memory: 1105.00M
"drc" in: sky130A_mr.drc:632
    Edges: 0 (flat)  0 (hierarchical)
    Elapsed: 0.000s  Memory: 1105.00M
"output" in: sky130A_mr.drc:632
    Edges: 0 (flat)  0 (hierarchical)
    Elapsed: 0.010s  Memory: 1105.00M
"space" in: sky130A_mr.drc:634
    Edge pairs: 0 (flat)  0 (hierarchical)
    Elapsed: 0.010s  Memory: 1105.00M
"polygons" in: sky130A_mr.drc:634
    Polygons (raw): 0 (flat)  0 (hierarchical)
    Elapsed: 0.000s  Memory: 1105.00M
"output" in: sky130A_mr.drc:634
    Polygons (raw): 0 (flat)  0 (hierarchical)
    Elapsed: 0.010s  Memory: 1105.00M
"enclosing" in: sky130A_mr.drc:642
    Edge pairs: 0 (flat)  0 (hierarchical)
    Elapsed: 0.010s  Memory: 1105.00M
"output" in: sky130A_mr.drc:642
    Edge pairs: 0 (flat)  0 (hierarchical)
    Elapsed: 0.000s  Memory: 1105.00M
"not" in: sky130A_mr.drc:643
    Polygons (raw): 0 (flat)  0 (hierarchical)
    Elapsed: 0.010s  Memory: 1105.00M
"output" in: sky130A_mr.drc:643
    Polygons (raw): 0 (flat)  0 (hierarchical)
    Elapsed: 0.010s  Memory: 1105.00M
END: 71/44 (via4)
START: 72/20 (m5)
"width" in: sky130A_mr.drc:648
    Edge pairs: 0 (flat)  0 (hierarchical)
    Elapsed: 0.000s  Memory: 1105.00M
"output" in: sky130A_mr.drc:648
    Edge pairs: 0 (flat)  0 (hierarchical)
    Elapsed: 0.010s  Memory: 1105.00M
"space" in: sky130A_mr.drc:650
    Edge pairs: 0 (flat)  0 (hierarchical)
    Elapsed: 0.010s  Memory: 1105.00M
"output" in: sky130A_mr.drc:650
    Edge pairs: 0 (flat)  0 (hierarchical)
    Elapsed: 0.000s  Memory: 1105.00M
"enclosing" in: sky130A_mr.drc:652
    Edge pairs: 0 (flat)  0 (hierarchical)
    Elapsed: 0.010s  Memory: 1105.00M
"output" in: sky130A_mr.drc:652
    Edge pairs: 0 (flat)  0 (hierarchical)
    Elapsed: 0.010s  Memory: 1105.00M
"not" in: sky130A_mr.drc:653
    Polygons (raw): 0 (flat)  0 (hierarchical)
    Elapsed: 0.010s  Memory: 1105.00M
"output" in: sky130A_mr.drc:653
    Polygons (raw): 0 (flat)  0 (hierarchical)
    Elapsed: 0.000s  Memory: 1105.00M
"with_area" in: sky130A_mr.drc:657
    Polygons (raw): 0 (flat)  0 (hierarchical)
    Elapsed: 0.010s  Memory: 1105.00M
"output" in: sky130A_mr.drc:657
    Polygons (raw): 0 (flat)  0 (hierarchical)
    Elapsed: 0.000s  Memory: 1105.00M
END: 72/20 (m5)
START: 76/20 (pad)
"space" in: sky130A_mr.drc:662
    Edge pairs: 0 (flat)  0 (hierarchical)
    Elapsed: 0.010s  Memory: 1105.00M
"output" in: sky130A_mr.drc:662
    Edge pairs: 0 (flat)  0 (hierarchical)
    Elapsed: 0.010s  Memory: 1105.00M
END: 76/20 (pad)
Writing report database: /home/nvm_user4/RRAM_crossbar_array_with_periphery/precheck_results/09_JUN_2022___00_48_57/outputs/reports/klayout_beol_check.xml ..
Total elapsed: 6.750s  Memory: 1105.00M
