
Magic 8.3 revision 274 - Compiled on Fri Mar  4 22:54:15 UTC 2022.
Starting magic under Tcl interpreter
Using the terminal as the console.
Using NULL graphics device.
Processing system .magicrc file
Sourcing design .magicrc for technology sky130A ...
2 Magic internal units = 1 Lambda
Could not find file '/home/nvm_user4/open_pdks//sky130A/libs.tech/magic/sky130A.tech' in any of these directories:
         . $CAD_ROOT/magic/sys $CAD_ROOT/magic/sys/current
Error parsing "/opt/mpw_precheck/checks/tech-files/sky130A.magicrc": couldn't read file "/home/nvm_user4/open_pdks//sky130A/libs.tech/magic/sky130A.tcl": no such file or directory
Bad local startup file "/opt/mpw_precheck/checks/tech-files/sky130A.magicrc", continuing without.
Scaled tech values by 2 / 1 to match internal grid scaling
Loading "/opt/mpw_precheck/checks/drc_checks/magic/magic_drc_check.tcl" from command line.
Don't know how to read GDS-II:
Nothing in "cifinput" section of tech file.
[INFO]: Loading user_analog_project_wrapper

File user_analog_project_wrapper.mag couldn't be read
No such file or directory
Creating new cell
"drc(full)" is not one of the DRC styles Magic knows.
The current style is "default".
The DRC styles are: default.
No errors found.
[INFO]: COUNT: 0
[INFO]: Should be divided by 3 or 4
[INFO]: DRC Checking DONE (/home/nvm_user4/RRAM_crossbar_array_with_periphery/precheck_results/09_JUN_2022___00_48_57/outputs/reports/magic_drc_check.drc.report)
[INFO]: Saving mag view with DRC errors(/home/nvm_user4/RRAM_crossbar_array_with_periphery/precheck_results/09_JUN_2022___00_48_57/outputs/user_analog_project_wrapper.magic.drc.mag)
[INFO]: Saved
